Arguments: 
  C:\Program Files\nodejs\node.exe C:\Users\alexb\AppData\Roaming\npm\node_modules\yarn\bin\yarn.js install

PATH: 
  D:\Projects\rabotov-bot-frontend\node_modules\.bin;C:\Python310\Scripts\;C:\Python310\;C:\WINDOWS\system32;C:\WINDOWS;C:\WINDOWS\System32\Wbem;C:\WINDOWS\System32\WindowsPowerShell\v1.0\;C:\WINDOWS\System32\OpenSSH\;C:\Program Files\nodejs\;C:\ProgramData\chocolatey\bin;C:\Program Files\Microsoft VS Code\bin;C:\Program Files\Git\cmd;C:\ProgramData\chocolatey\lib\gsudo\bin\;;C:\Program Files\NVIDIA Corporation\NVIDIA NvDLISR;C:\Program Files (x86)\NVIDIA Corporation\PhysX\Common;C:\tools\php80;C:\ProgramData\ComposerSetup\bin;C:\Program Files\dotnet\;C:\Program Files\Go\bin;C:\Program Files\Docker\Docker\resources\bin;C:\ProgramData\DockerDesktop\version-bin;C:\Users\alexb\AppData\Local\Microsoft\WindowsApps;C:\Users\alexb\AppData\Local\gitkraken\bin;C:\Users\alexb\AppData\Roaming\npm;C:\Users\alexb\AppData\Roaming\Composer\vendor\bin;C:\Users\alexb\.dotnet\tools;C:\Users\alexb\go\bin

Yarn version: 
  1.22.17

Node version: 
  16.11.1

Platform: 
  win32 x64

Trace: 
  Error: EPERM: operation not permitted, unlink 'D:\Projects\rabotov-bot-frontend\node_modules\esbuild-windows-64\esbuild.exe'

npm manifest: 
  {
    "name": "rabotov-bot-frontend",
    "version": "0.0.0",
    "scripts": {
      "dev": "vite",
      "build": "vue-tsc --noEmit && vite build",
      "serve": "vite preview",
      "lint:es": "eslint --ext .ts,.vue --ignore-path .gitignore .",
      "lint:es:fix": "eslint --fix --ext .ts,.vue --ignore-path .gitignore .",
      "type-check": "tsc --noEmit"
    },
    "dependencies": {
      "graphql": "^16.0.1",
      "graphql-tag": "^2.12.6",
      "naive-ui": "^2.21.1",
      "vfonts": "^0.1.0",
      "villus": "^1.0.1",
      "vue": "^3.2.16",
      "vue-router": "^4.0.12"
    },
    "devDependencies": {
      "@typescript-eslint/eslint-plugin": "^5.4.0",
      "@typescript-eslint/parser": "^5.4.0",
      "@vitejs/plugin-vue": "^1.10.1",
      "eslint": "^8.3.0",
      "eslint-config-google": "^0.14.0",
      "eslint-plugin-vue": "^8.1.1",
      "sass": "^1.43.5",
      "typescript": "^4.5.2",
      "vite": "^2.6.14",
      "vue-tsc": "^0.29.6"
    }
  }

yarn manifest: 
  No manifest

Lockfile: 
  # THIS IS AN AUTOGENERATED FILE. DO NOT EDIT THIS FILE DIRECTLY.
  # yarn lockfile v1
  
  
  "@babel/eslint-parser@^7.15.8":
    "integrity" "sha512-iB4ElZT0jAt7PKVaeVulOECdGe6UnmA/O0P9jlF5g5GBOwDVbna8AXhHRu4s27xQf6OkveyA8iTDv1jHdDejgQ=="
    "resolved" "https://registry.npmjs.org/@babel/eslint-parser/-/eslint-parser-7.16.3.tgz"
    "version" "7.16.3"
    dependencies:
      "eslint-scope" "^5.1.1"
      "eslint-visitor-keys" "^2.1.0"
      "semver" "^6.3.0"
  
  "@babel/helper-validator-identifier@^7.15.7":
    "integrity" "sha512-K4JvCtQqad9OY2+yTU8w+E82ywk/fe+ELNlt1G8z3bVGlZfn/hOcQQsUhGhW/N+tb3fxK800wLtKOE/aM0m72w=="
    "resolved" "https://registry.npmjs.org/@babel/helper-validator-identifier/-/helper-validator-identifier-7.15.7.tgz"
    "version" "7.15.7"
  
  "@babel/parser@^7.15.0", "@babel/parser@^7.6.0", "@babel/parser@^7.9.6":
    "integrity" "sha512-6V0qdPUaiVHH3RtZeLIsc+6pDhbYzHR8ogA8w+f+Wc77DuXto19g2QUwveINoS34Uw+W8/hQDGJCx+i4n7xcng=="
    "resolved" "https://registry.npmjs.org/@babel/parser/-/parser-7.16.4.tgz"
    "version" "7.16.4"
  
  "@babel/types@^7.6.1", "@babel/types@^7.9.6":
    "integrity" "sha512-PJgg/k3SdLsGb3hhisFvtLOw5ts113klrpLuIPtCJIU+BB24fqq6lf8RWqKJEjzqXR9AEH1rIb5XTqwBHB+kQg=="
    "resolved" "https://registry.npmjs.org/@babel/types/-/types-7.16.0.tgz"
    "version" "7.16.0"
    dependencies:
      "@babel/helper-validator-identifier" "^7.15.7"
      "to-fast-properties" "^2.0.0"
  
  "@css-render/plugin-bem@^0.15.6":
    "integrity" "sha512-tz6PgYyP8CDa30JsaqK8q5MSg8/dICDi8QifzURlrWGIfAcLrToNX7Hum6lAvtD2rNHTKF9g12Hto4NVg/fdZA=="
    "resolved" "https://registry.npmjs.org/@css-render/plugin-bem/-/plugin-bem-0.15.6.tgz"
    "version" "0.15.6"
    dependencies:
      "css-render" "~0.15.6"
  
  "@css-render/vue3-ssr@^0.15.3", "@css-render/vue3-ssr@^0.15.6":
    "integrity" "sha512-aBb5tIezKlM7PycXoek/46oGO3kRg5Y+FgE3RGGKwvv8CAnLhdk5b3UM0LDIRfXdI+vxA/kSgk4pz9f7nDqGjA=="
    "resolved" "https://registry.npmjs.org/@css-render/vue3-ssr/-/vue3-ssr-0.15.6.tgz"
    "version" "0.15.6"
  
  "@emmetio/abbreviation@^2.2.2":
    "integrity" "sha512-TtE/dBnkTCct8+LntkqVrwqQao6EnPAs1YN3cUgxOxTaBlesBCY37ROUAVZrRlG64GNnVShdl/b70RfAI3w5lw=="
    "resolved" "https://registry.npmjs.org/@emmetio/abbreviation/-/abbreviation-2.2.2.tgz"
    "version" "2.2.2"
    dependencies:
      "@emmetio/scanner" "^1.0.0"
  
  "@emmetio/css-abbreviation@^2.1.4":
    "integrity" "sha512-qk9L60Y+uRtM5CPbB0y+QNl/1XKE09mSO+AhhSauIfr2YOx/ta3NJw2d8RtCFxgzHeRqFRr8jgyzThbu+MZ4Uw=="
    "resolved" "https://registry.npmjs.org/@emmetio/css-abbreviation/-/css-abbreviation-2.1.4.tgz"
    "version" "2.1.4"
    dependencies:
      "@emmetio/scanner" "^1.0.0"
  
  "@emmetio/scanner@^1.0.0":
    "integrity" "sha512-8HqW8EVqjnCmWXVpqAOZf+EGESdkR27odcMMMGefgKXtar00SoYNSryGv//TELI4T3QFsECo78p+0lmalk/CFA=="
    "resolved" "https://registry.npmjs.org/@emmetio/scanner/-/scanner-1.0.0.tgz"
    "version" "1.0.0"
  
  "@emotion/hash@~0.8.0":
    "integrity" "sha512-kBJtf7PH6aWwZ6fka3zQ0p6SBYzx4fl1LoZXE2RrnYST9Xljm7WfKJrU4g/Xr3Beg72MLrp1AWNUmuYJTL7Cow=="
    "resolved" "https://registry.npmjs.org/@emotion/hash/-/hash-0.8.0.tgz"
    "version" "0.8.0"
  
  "@eslint/eslintrc@^1.0.4":
    "integrity" "sha512-h8Vx6MdxwWI2WM8/zREHMoqdgLNXEL4QX3MWSVMdyNJGvXVOs+6lp+m2hc3FnuMHDc4poxFNI20vCk0OmI4G0Q=="
    "resolved" "https://registry.npmjs.org/@eslint/eslintrc/-/eslintrc-1.0.4.tgz"
    "version" "1.0.4"
    dependencies:
      "ajv" "^6.12.4"
      "debug" "^4.3.2"
      "espree" "^9.0.0"
      "globals" "^13.9.0"
      "ignore" "^4.0.6"
      "import-fresh" "^3.2.1"
      "js-yaml" "^4.1.0"
      "minimatch" "^3.0.4"
      "strip-json-comments" "^3.1.1"
  
  "@humanwhocodes/config-array@^0.6.0":
    "integrity" "sha512-JQlEKbcgEUjBFhLIF4iqM7u/9lwgHRBcpHrmUNCALK0Q3amXN6lxdoXLnF0sm11E9VqTmBALR87IlUg1bZ8A9A=="
    "resolved" "https://registry.npmjs.org/@humanwhocodes/config-array/-/config-array-0.6.0.tgz"
    "version" "0.6.0"
    dependencies:
      "@humanwhocodes/object-schema" "^1.2.0"
      "debug" "^4.1.1"
      "minimatch" "^3.0.4"
  
  "@humanwhocodes/object-schema@^1.2.0":
    "integrity" "sha512-ZnQMnLV4e7hDlUvw8H+U8ASL02SS2Gn6+9Ac3wGGLIe7+je2AeAOxPY+izIPJDfFDb7eDjev0Us8MO1iFRN8hA=="
    "resolved" "https://registry.npmjs.org/@humanwhocodes/object-schema/-/object-schema-1.2.1.tgz"
    "version" "1.2.1"
  
  "@jest/types@^27.2.5":
    "integrity" "sha512-nmuM4VuDtCZcY+eTpw+0nvstwReMsjPoj7ZR80/BbixulhLaiX+fbv8oeLW8WZlJMcsGQsTmMKT/iTZu1Uy/lQ=="
    "resolved" "https://registry.npmjs.org/@jest/types/-/types-27.2.5.tgz"
    "version" "27.2.5"
    dependencies:
      "@types/istanbul-lib-coverage" "^2.0.0"
      "@types/istanbul-reports" "^3.0.0"
      "@types/node" "*"
      "@types/yargs" "^16.0.0"
      "chalk" "^4.0.0"
  
  "@nodelib/fs.scandir@2.1.5":
    "integrity" "sha512-vq24Bq3ym5HEQm2NKCr3yXDwjc7vTsEThRDnkp2DK9p1uqLR+DHurm/NOTo0KG7HYHU7eppKZj3MyqYuMBf62g=="
    "resolved" "https://registry.npmjs.org/@nodelib/fs.scandir/-/fs.scandir-2.1.5.tgz"
    "version" "2.1.5"
    dependencies:
      "@nodelib/fs.stat" "2.0.5"
      "run-parallel" "^1.1.9"
  
  "@nodelib/fs.stat@^2.0.2", "@nodelib/fs.stat@2.0.5":
    "integrity" "sha512-RkhPPp2zrqDAQA/2jNhnztcPAlv64XdhIp7a7454A5ovI7Bukxgt7MX7udwAu3zg1DcpPU0rz3VV1SeaqvY4+A=="
    "resolved" "https://registry.npmjs.org/@nodelib/fs.stat/-/fs.stat-2.0.5.tgz"
    "version" "2.0.5"
  
  "@nodelib/fs.walk@^1.2.3":
    "integrity" "sha512-oGB+UxlgWcgQkgwo8GcEGwemoTFt3FIO9ababBmaGwXIoBKZ+GTy0pP185beGg7Llih/NSHSV2XAs1lnznocSg=="
    "resolved" "https://registry.npmjs.org/@nodelib/fs.walk/-/fs.walk-1.2.8.tgz"
    "version" "1.2.8"
    dependencies:
      "@nodelib/fs.scandir" "2.1.5"
      "fastq" "^1.6.0"
  
  "@types/istanbul-lib-coverage@*", "@types/istanbul-lib-coverage@^2.0.0":
    "integrity" "sha512-sz7iLqvVUg1gIedBOvlkxPlc8/uVzyS5OwGz1cKjXzkl3FpL3al0crU8YGU1WoHkxn0Wxbw5tyi6hvzJKNzFsw=="
    "resolved" "https://registry.npmjs.org/@types/istanbul-lib-coverage/-/istanbul-lib-coverage-2.0.3.tgz"
    "version" "2.0.3"
  
  "@types/istanbul-lib-report@*":
    "integrity" "sha512-plGgXAPfVKFoYfa9NpYDAkseG+g6Jr294RqeqcqDixSbU34MZVJRi/P+7Y8GDpzkEwLaGZZOpKIEmeVZNtKsrg=="
    "resolved" "https://registry.npmjs.org/@types/istanbul-lib-report/-/istanbul-lib-report-3.0.0.tgz"
    "version" "3.0.0"
    dependencies:
      "@types/istanbul-lib-coverage" "*"
  
  "@types/istanbul-reports@^3.0.0":
    "integrity" "sha512-c3mAZEuK0lvBp8tmuL74XRKn1+y2dcwOUpH7x4WrF6gk1GIgiluDRgMYQtw2OFcBvAJWlt6ASU3tSqxp0Uu0Aw=="
    "resolved" "https://registry.npmjs.org/@types/istanbul-reports/-/istanbul-reports-3.0.1.tgz"
    "version" "3.0.1"
    dependencies:
      "@types/istanbul-lib-report" "*"
  
  "@types/jest@^27.0.1":
    "integrity" "sha512-cmmwv9t7gBYt7hNKH5Spu7Kuu/DotGa+Ff+JGRKZ4db5eh8PnKS4LuebJ3YLUoyOyIHraTGyULn23YtEAm0VSg=="
    "resolved" "https://registry.npmjs.org/@types/jest/-/jest-27.0.3.tgz"
    "version" "27.0.3"
    dependencies:
      "jest-diff" "^27.0.0"
      "pretty-format" "^27.0.0"
  
  "@types/json-schema@^7.0.9":
    "integrity" "sha512-qcUXuemtEu+E5wZSJHNxUXeCZhAfXKQ41D+duX+VYPde7xyEVZci+/oXKJL13tnRs9lR2pr4fod59GT6/X1/yQ=="
    "resolved" "https://registry.npmjs.org/@types/json-schema/-/json-schema-7.0.9.tgz"
    "version" "7.0.9"
  
  "@types/lodash-es@^4.17.4":
    "integrity" "sha512-SHBoI8/0aoMQWAgUHMQ599VM6ZiSKg8sh/0cFqqlQQMyY9uEplc0ULU5yQNzcvdR4ZKa0ey8+vFmahuRbOCT1A=="
    "resolved" "https://registry.npmjs.org/@types/lodash-es/-/lodash-es-4.17.5.tgz"
    "version" "4.17.5"
    dependencies:
      "@types/lodash" "*"
  
  "@types/lodash@*", "@types/lodash@^4.14.170":
    "integrity" "sha512-0fDwydE2clKe9MNfvXHBHF9WEahRuj+msTuQqOmAApNORFvhMYZKNGGJdCzuhheVjMps/ti0Ak/iJPACMaevvw=="
    "resolved" "https://registry.npmjs.org/@types/lodash/-/lodash-4.14.177.tgz"
    "version" "4.14.177"
  
  "@types/node@*":
    "integrity" "sha512-MKmdASMf3LtPzwLyRrFjtFFZ48cMf8jmX5VRYrDQiJa8Ybu5VAmkqBWqKU8fdCwD8ysw4mQ9nrEHvzg6gunR7A=="
    "resolved" "https://registry.npmjs.org/@types/node/-/node-16.11.9.tgz"
    "version" "16.11.9"
  
  "@types/node@^14.14.10":
    "integrity" "sha512-USUftMYpmuMzeWobskoPfzDi+vkpe0dvcOBRNOscFrGxVp4jomnRxWuVohgqBow2xyIPC0S3gjxV/5079jhmDg=="
    "resolved" "https://registry.npmjs.org/@types/node/-/node-14.17.34.tgz"
    "version" "14.17.34"
  
  "@types/node@~14.14.31":
    "integrity" "sha512-DssMqTV9UnnoxDWu959sDLZzfvqCF0qDNRjaWeYSui9xkFe61kKo4l1TWNTQONpuXEm+gLMRvdlzvNHBamzmEw=="
    "resolved" "https://registry.npmjs.org/@types/node/-/node-14.14.45.tgz"
    "version" "14.14.45"
  
  "@types/yargs-parser@*":
    "integrity" "sha512-7tFImggNeNBVMsn0vLrpn1H1uPrUBdnARPTpZoitY37ZrdJREzf7I16tMrlK3hen349gr1NYh8CmZQa7CTG6Aw=="
    "resolved" "https://registry.npmjs.org/@types/yargs-parser/-/yargs-parser-20.2.1.tgz"
    "version" "20.2.1"
  
  "@types/yargs@^16.0.0":
    "integrity" "sha512-T8Yc9wt/5LbJyCaLiHPReJa0kApcIgJ7Bn735GjItUfh08Z1pJvu8QZqb9s+mMvKV6WUQRV7K2R46YbjMXTTJw=="
    "resolved" "https://registry.npmjs.org/@types/yargs/-/yargs-16.0.4.tgz"
    "version" "16.0.4"
    dependencies:
      "@types/yargs-parser" "*"
  
  "@typescript-eslint/eslint-plugin@^5.4.0":
    "integrity" "sha512-9/yPSBlwzsetCsGEn9j24D8vGQgJkOTr4oMLas/w886ZtzKIs1iyoqFrwsX2fqYEeUwsdBpC21gcjRGo57u0eg=="
    "resolved" "https://registry.npmjs.org/@typescript-eslint/eslint-plugin/-/eslint-plugin-5.4.0.tgz"
    "version" "5.4.0"
    dependencies:
      "@typescript-eslint/experimental-utils" "5.4.0"
      "@typescript-eslint/scope-manager" "5.4.0"
      "debug" "^4.3.2"
      "functional-red-black-tree" "^1.0.1"
      "ignore" "^5.1.8"
      "regexpp" "^3.2.0"
      "semver" "^7.3.5"
      "tsutils" "^3.21.0"
  
  "@typescript-eslint/experimental-utils@5.4.0":
    "integrity" "sha512-Nz2JDIQUdmIGd6p33A+naQmwfkU5KVTLb/5lTk+tLVTDacZKoGQisj8UCxk7onJcrgjIvr8xWqkYI+DbI3TfXg=="
    "resolved" "https://registry.npmjs.org/@typescript-eslint/experimental-utils/-/experimental-utils-5.4.0.tgz"
    "version" "5.4.0"
    dependencies:
      "@types/json-schema" "^7.0.9"
      "@typescript-eslint/scope-manager" "5.4.0"
      "@typescript-eslint/types" "5.4.0"
      "@typescript-eslint/typescript-estree" "5.4.0"
      "eslint-scope" "^5.1.1"
      "eslint-utils" "^3.0.0"
  
  "@typescript-eslint/parser@^5.0.0", "@typescript-eslint/parser@^5.4.0":
    "integrity" "sha512-JoB41EmxiYpaEsRwpZEYAJ9XQURPFer8hpkIW9GiaspVLX8oqbqNM8P4EP8HOZg96yaALiLEVWllA2E8vwsIKw=="
    "resolved" "https://registry.npmjs.org/@typescript-eslint/parser/-/parser-5.4.0.tgz"
    "version" "5.4.0"
    dependencies:
      "@typescript-eslint/scope-manager" "5.4.0"
      "@typescript-eslint/types" "5.4.0"
      "@typescript-eslint/typescript-estree" "5.4.0"
      "debug" "^4.3.2"
  
  "@typescript-eslint/scope-manager@5.4.0":
    "integrity" "sha512-pRxFjYwoi8R+n+sibjgF9iUiAELU9ihPBtHzocyW8v8D8G8KeQvXTsW7+CBYIyTYsmhtNk50QPGLE3vrvhM5KA=="
    "resolved" "https://registry.npmjs.org/@typescript-eslint/scope-manager/-/scope-manager-5.4.0.tgz"
    "version" "5.4.0"
    dependencies:
      "@typescript-eslint/types" "5.4.0"
      "@typescript-eslint/visitor-keys" "5.4.0"
  
  "@typescript-eslint/types@5.4.0":
    "integrity" "sha512-GjXNpmn+n1LvnttarX+sPD6+S7giO+9LxDIGlRl4wK3a7qMWALOHYuVSZpPTfEIklYjaWuMtfKdeByx0AcaThA=="
    "resolved" "https://registry.npmjs.org/@typescript-eslint/types/-/types-5.4.0.tgz"
    "version" "5.4.0"
  
  "@typescript-eslint/typescript-estree@5.4.0":
    "integrity" "sha512-nhlNoBdhKuwiLMx6GrybPT3SFILm5Gij2YBdPEPFlYNFAXUJWX6QRgvi/lwVoadaQEFsizohs6aFRMqsXI2ewA=="
    "resolved" "https://registry.npmjs.org/@typescript-eslint/typescript-estree/-/typescript-estree-5.4.0.tgz"
    "version" "5.4.0"
    dependencies:
      "@typescript-eslint/types" "5.4.0"
      "@typescript-eslint/visitor-keys" "5.4.0"
      "debug" "^4.3.2"
      "globby" "^11.0.4"
      "is-glob" "^4.0.3"
      "semver" "^7.3.5"
      "tsutils" "^3.21.0"
  
  "@typescript-eslint/visitor-keys@5.4.0":
    "integrity" "sha512-PVbax7MeE7tdLfW5SA0fs8NGVVr+buMPrcj+CWYWPXsZCH8qZ1THufDzbXm1xrZ2b2PA1iENJ0sRq5fuUtvsJg=="
    "resolved" "https://registry.npmjs.org/@typescript-eslint/visitor-keys/-/visitor-keys-5.4.0.tgz"
    "version" "5.4.0"
    dependencies:
      "@typescript-eslint/types" "5.4.0"
      "eslint-visitor-keys" "^3.0.0"
  
  "@vitejs/plugin-vue@^1.9.3":
    "integrity" "sha512-XkSN7lduhQ3z/WMXv2spqt9TCS0znCjnvIGmbud2bxViWWWR4JWXE+x/cQZ/klR0Ug4Ts9eubL7LXAysON5Uvg=="
    "resolved" "https://registry.npmjs.org/@vitejs/plugin-vue/-/plugin-vue-1.10.0.tgz"
    "version" "1.10.0"
  
  "@volar/code-gen@^0.27.24":
    "integrity" "sha512-s4j/QqOZUW03PeD6LmVYI00Q1C3CfJEOePDOQwDvCTUov4lFk0iSBtFyYhjlLyQ1pdtV1+TDTErkj2aMQtc4PA=="
    "resolved" "https://registry.npmjs.org/@volar/code-gen/-/code-gen-0.27.24.tgz"
    "version" "0.27.24"
    dependencies:
      "@volar/shared" "^0.27.24"
      "@volar/source-map" "^0.27.24"
  
  "@volar/html2pug@^0.27.13":
    "integrity" "sha512-3NYgNA5F3PDsKbbpOrVdGy2S7ZYmZIbFmbp1A/27DDzjj/uIC9Pj7HXVvbYOzi8HcOxUPt0BMrh4TVzBUaCFww=="
    "resolved" "https://registry.npmjs.org/@volar/html2pug/-/html2pug-0.27.13.tgz"
    "version" "0.27.13"
    dependencies:
      "domelementtype" "^2.2.0"
      "domhandler" "^4.2.0"
      "htmlparser2" "^6.1.0"
      "pug" "^3.0.2"
  
  "@volar/shared@^0.27.24":
    "integrity" "sha512-Mi8a4GQaiorfb+o4EqOXDZm9E/uBJXgScFgF+NhtcMBOUKHNMKQyLI7YRGumtyJTTdaX7nSDJjGGTkv23tcOtQ=="
    "resolved" "https://registry.npmjs.org/@volar/shared/-/shared-0.27.24.tgz"
    "version" "0.27.24"
    dependencies:
      "upath" "^2.0.1"
      "vscode-jsonrpc" "^8.0.0-next.2"
      "vscode-uri" "^3.0.2"
  
  "@volar/source-map@^0.27.24":
    "integrity" "sha512-2I5a7cXqekZ66D6lHep7ttJgvVVtPEBUIe1hnpcGbnXWNA2ya6f6jKNNyTmrXQyfkh32IEuaUd4kocR+3AKMag=="
    "resolved" "https://registry.npmjs.org/@volar/source-map/-/source-map-0.27.24.tgz"
    "version" "0.27.24"
    dependencies:
      "@volar/shared" "^0.27.24"
  
  "@volar/transforms@^0.27.24":
    "integrity" "sha512-sOHi1ZSapFlxn7yPl4MO5TXd9aWC0BVq2CgXAJ2EESb+ddh2uJbGQgLLNocX+MDh419cUuuFT2QAJpuWHhJcng=="
    "resolved" "https://registry.npmjs.org/@volar/transforms/-/transforms-0.27.24.tgz"
    "version" "0.27.24"
    dependencies:
      "@volar/shared" "^0.27.24"
      "vscode-languageserver" "^8.0.0-next.2"
  
  "@vscode/emmet-helper@^2.7.0":
    "integrity" "sha512-A/+pkBYQq2JTow1A2flfTmEOmiF780KpdkoX7VBjQ7wujeA+CFUPd17YdeIa9aim20+J5Jp7SFujPDwVFiQucQ=="
    "resolved" "https://registry.npmjs.org/@vscode/emmet-helper/-/emmet-helper-2.8.2.tgz"
    "version" "2.8.2"
    dependencies:
      "emmet" "^2.3.0"
      "jsonc-parser" "^2.3.0"
      "vscode-languageserver-textdocument" "^1.0.1"
      "vscode-languageserver-types" "^3.15.1"
      "vscode-nls" "^5.0.0"
      "vscode-uri" "^2.1.2"
  
  "@vue/compiler-core@3.2.22":
    "integrity" "sha512-uAkovrVeTcjzpiM4ECmVaMrv/bjdgAaLzvjcGqQPBEyUrcqsCgccT9fHJ/+hWVGhyMahmBwLqcn4guULNx7sdw=="
    "resolved" "https://registry.npmjs.org/@vue/compiler-core/-/compiler-core-3.2.22.tgz"
    "version" "3.2.22"
    dependencies:
      "@babel/parser" "^7.15.0"
      "@vue/shared" "3.2.22"
      "estree-walker" "^2.0.2"
      "source-map" "^0.6.1"
  
  "@vue/compiler-dom@^3.2.19", "@vue/compiler-dom@3.2.22":
    "integrity" "sha512-VZdsw/VuO1ODs8K7NQwnMQzKITDkIFlYYC03SVnunuf6eNRxBPEonSyqbWNoo6qNaHAEBTG6VVcZC5xC9bAx1g=="
    "resolved" "https://registry.npmjs.org/@vue/compiler-dom/-/compiler-dom-3.2.22.tgz"
    "version" "3.2.22"
    dependencies:
      "@vue/compiler-core" "3.2.22"
      "@vue/shared" "3.2.22"
  
  "@vue/compiler-sfc@3.2.22":
    "integrity" "sha512-tWRQ5ge1tsTDhUwHgueicKJ8rYm6WUVAPTaIpFW3GSwZKcOEJ2rXdfkHFShNVGupeRALz2ET2H84OL0GeRxY0A=="
    "resolved" "https://registry.npmjs.org/@vue/compiler-sfc/-/compiler-sfc-3.2.22.tgz"
    "version" "3.2.22"
    dependencies:
      "@babel/parser" "^7.15.0"
      "@vue/compiler-core" "3.2.22"
      "@vue/compiler-dom" "3.2.22"
      "@vue/compiler-ssr" "3.2.22"
      "@vue/ref-transform" "3.2.22"
      "@vue/shared" "3.2.22"
      "estree-walker" "^2.0.2"
      "magic-string" "^0.25.7"
      "postcss" "^8.1.10"
      "source-map" "^0.6.1"
  
  "@vue/compiler-ssr@3.2.22":
    "integrity" "sha512-Cl6aoLJtXzzBkk1sKod8S0WBJLts3+ugVC91d22gGpbkw/64WnF12tOZi7Rg54PPLi1NovqyNWPsLH/SAFcu+w=="
    "resolved" "https://registry.npmjs.org/@vue/compiler-ssr/-/compiler-ssr-3.2.22.tgz"
    "version" "3.2.22"
    dependencies:
      "@vue/compiler-dom" "3.2.22"
      "@vue/shared" "3.2.22"
  
  "@vue/devtools-api@^6.0.0-beta.18":
    "integrity" "sha512-R2rfiRY+kZugzWh9ZyITaovx+jpU4vgivAEAiz80kvh3yviiTU3CBuGuyWpSwGz9/C7TkSWVM/FtQRGlZ16n8Q=="
    "resolved" "https://registry.npmjs.org/@vue/devtools-api/-/devtools-api-6.0.0-beta.20.1.tgz"
    "version" "6.0.0-beta.20.1"
  
  "@vue/reactivity@^3.2.19", "@vue/reactivity@3.2.22":
    "integrity" "sha512-xNkLAItjI0xB+lFeDgKCrSItmrHTaAzSnt8LmdSCPQnDyarmzbi/u4ESQnckWvlL7lSRKiEaOvblaNyqAa7OnQ=="
    "resolved" "https://registry.npmjs.org/@vue/reactivity/-/reactivity-3.2.22.tgz"
    "version" "3.2.22"
    dependencies:
      "@vue/shared" "3.2.22"
  
  "@vue/ref-transform@3.2.22":
    "integrity" "sha512-qalVWbq5xWWxLZ0L9OroBg/JZhzavQuCcDXblfErxyDEH6Xc5gIJ4feo1SVCICFzhAUgLgQTdSFLpgjBawbFpw=="
    "resolved" "https://registry.npmjs.org/@vue/ref-transform/-/ref-transform-3.2.22.tgz"
    "version" "3.2.22"
    dependencies:
      "@babel/parser" "^7.15.0"
      "@vue/compiler-core" "3.2.22"
      "@vue/shared" "3.2.22"
      "estree-walker" "^2.0.2"
      "magic-string" "^0.25.7"
  
  "@vue/runtime-core@3.2.22":
    "integrity" "sha512-e7WOC55wmHPvmoVUk9VBe/Z9k5bJfWJfVIlkUkiADJn0bOgQD29oh/GS14Kb3aEJXIHLI17Em6+HxNut1sIh7Q=="
    "resolved" "https://registry.npmjs.org/@vue/runtime-core/-/runtime-core-3.2.22.tgz"
    "version" "3.2.22"
    dependencies:
      "@vue/reactivity" "3.2.22"
      "@vue/shared" "3.2.22"
  
  "@vue/runtime-dom@3.2.22":
    "integrity" "sha512-w7VHYJoliLRTLc5beN77wxuOjla4v9wr2FF22xpZFYBmH4U1V7HkYhoHc1BTuNghI15CXT1tNIMhibI1nrQgdw=="
    "resolved" "https://registry.npmjs.org/@vue/runtime-dom/-/runtime-dom-3.2.22.tgz"
    "version" "3.2.22"
    dependencies:
      "@vue/runtime-core" "3.2.22"
      "@vue/shared" "3.2.22"
      "csstype" "^2.6.8"
  
  "@vue/server-renderer@3.2.22":
    "integrity" "sha512-jCwbQgKPXiXoH9VS9F7K+gyEvEMrjutannwEZD1R8fQ9szmOTqC+RRbIY3Uf2ibQjZtZ8DV9a4FjxICvd9zZlQ=="
    "resolved" "https://registry.npmjs.org/@vue/server-renderer/-/server-renderer-3.2.22.tgz"
    "version" "3.2.22"
    dependencies:
      "@vue/compiler-ssr" "3.2.22"
      "@vue/shared" "3.2.22"
  
  "@vue/shared@^3.2.19", "@vue/shared@3.2.22":
    "integrity" "sha512-qWVav014mpjEtbWbEgl0q9pEyrrIySKum8UVYjwhC6njrKzknLZPvfuYdQyVbApsqr94tf/3dP4pCuZmmjdCWQ=="
    "resolved" "https://registry.npmjs.org/@vue/shared/-/shared-3.2.22.tgz"
    "version" "3.2.22"
  
  "acorn-jsx@^5.3.1":
    "integrity" "sha512-rq9s+JNhf0IChjtDXxllJ7g41oZk5SlXtp0LHwyA5cejwn7vKmKp4pPri6YEePv2PU65sAsegbXtIinmDFDXgQ=="
    "resolved" "https://registry.npmjs.org/acorn-jsx/-/acorn-jsx-5.3.2.tgz"
    "version" "5.3.2"
  
  "acorn@^6.0.0 || ^7.0.0 || ^8.0.0", "acorn@^8.6.0":
    "integrity" "sha512-U1riIR+lBSNi3IbxtaHOIKdH8sLFv3NYfNv8sg7ZsNhcfl4HF2++BfqqrNAxoCLQW1iiylOj76ecnaUxz+z9yw=="
    "resolved" "https://registry.npmjs.org/acorn/-/acorn-8.6.0.tgz"
    "version" "8.6.0"
  
  "acorn@^7.1.1":
    "integrity" "sha512-nQyp0o1/mNdbTO1PO6kHkwSrmgZ0MT/jCCpNiwbUjGoRN4dlBhqJtoQuCnEOKzgTVwg0ZWiCoQy6SxMebQVh8A=="
    "resolved" "https://registry.npmjs.org/acorn/-/acorn-7.4.1.tgz"
    "version" "7.4.1"
  
  "ajv@^6.10.0", "ajv@^6.12.4":
    "integrity" "sha512-j3fVLgvTo527anyYyJOGTYJbG+vnnQYvE0m5mmkc1TK+nxAppkCLMIL0aZ4dblVCNoGShhm+kzE4ZUykBoMg4g=="
    "resolved" "https://registry.npmjs.org/ajv/-/ajv-6.12.6.tgz"
    "version" "6.12.6"
    dependencies:
      "fast-deep-equal" "^3.1.1"
      "fast-json-stable-stringify" "^2.0.0"
      "json-schema-traverse" "^0.4.1"
      "uri-js" "^4.2.2"
  
  "ansi-colors@^4.1.1":
    "integrity" "sha512-JoX0apGbHaUJBNl6yF+p6JAFYZ666/hhCGKN5t9QFjbJQKUU/g8MNbFDbvfrgKXvI1QpZplPOnwIo99lX/AAmA=="
    "resolved" "https://registry.npmjs.org/ansi-colors/-/ansi-colors-4.1.1.tgz"
    "version" "4.1.1"
  
  "ansi-regex@^5.0.1":
    "integrity" "sha512-quJQXlTSUGL2LH9SUXo8VwsY4soanhgo6LNSm84E1LBcE8s3O0wpdiRzyR9z/ZZJMlMWv37qOOb9pdJlMUEKFQ=="
    "resolved" "https://registry.npmjs.org/ansi-regex/-/ansi-regex-5.0.1.tgz"
    "version" "5.0.1"
  
  "ansi-styles@^4.1.0":
    "integrity" "sha512-zbB9rCJAT1rbjiVDb2hqKFHNYLxgtk8NURxZ3IZwD3F6NtxbXZQCnnSi1Lkx+IDohdPlFp222wVALIheZJQSEg=="
    "resolved" "https://registry.npmjs.org/ansi-styles/-/ansi-styles-4.3.0.tgz"
    "version" "4.3.0"
    dependencies:
      "color-convert" "^2.0.1"
  
  "ansi-styles@^5.0.0":
    "integrity" "sha512-Cxwpt2SfTzTtXcfOlzGEee8O+c+MmUgGrNiBcXnuWxuFJHe6a5Hz7qwhwe5OgaSYI0IJvkLqWX1ASG+cJOkEiA=="
    "resolved" "https://registry.npmjs.org/ansi-styles/-/ansi-styles-5.2.0.tgz"
    "version" "5.2.0"
  
  "anymatch@~3.1.2":
    "integrity" "sha512-P43ePfOAIupkguHUycrc4qJ9kz8ZiuOUijaETwX7THt0Y/GNK7v0aa8rY816xWjZ7rJdA5XdMcpVFTKMq+RvWg=="
    "resolved" "https://registry.npmjs.org/anymatch/-/anymatch-3.1.2.tgz"
    "version" "3.1.2"
    dependencies:
      "normalize-path" "^3.0.0"
      "picomatch" "^2.0.4"
  
  "argparse@^2.0.1":
    "integrity" "sha512-8+9WqebbFzpX9OR+Wa6O29asIogeRMzcGtAINdpMHHyAg10f05aSFVBbcEqGf/PXw1EjAZ+q2/bEBg3DvurK3Q=="
    "resolved" "https://registry.npmjs.org/argparse/-/argparse-2.0.1.tgz"
    "version" "2.0.1"
  
  "array-union@^2.1.0":
    "integrity" "sha512-HGyxoOTYUyCM6stUe6EJgnd4EoewAI7zMdfqO+kGjnlZmBDz/cR5pf8r/cR4Wq60sL/p0IkcjUEEPwS3GFrIyw=="
    "resolved" "https://registry.npmjs.org/array-union/-/array-union-2.1.0.tgz"
    "version" "2.1.0"
  
  "asap@~2.0.3":
    "integrity" "sha1-5QNHYR1+aQlDIIu9r+vLwvuGbUY="
    "resolved" "https://registry.npmjs.org/asap/-/asap-2.0.6.tgz"
    "version" "2.0.6"
  
  "assert-never@^1.2.1":
    "integrity" "sha512-TaTivMB6pYI1kXwrFlEhLeGfOqoDNdTxjCdwRfFFkEA30Eu+k48W34nlok2EYWJfFFzqaEmichdNM7th6M5HNw=="
    "resolved" "https://registry.npmjs.org/assert-never/-/assert-never-1.2.1.tgz"
    "version" "1.2.1"
  
  "async-validator@^4.0.1":
    "integrity" "sha512-Pj2IR7u8hmUEDOwB++su6baaRi+QvsgajuFB9j95foM1N2gy5HM4z60hfusIO0fBPG5uLAEl6yCJr1jNSVugEQ=="
    "resolved" "https://registry.npmjs.org/async-validator/-/async-validator-4.0.7.tgz"
    "version" "4.0.7"
  
  "babel-walk@3.0.0-canary-5":
    "integrity" "sha512-GAwkz0AihzY5bkwIY5QDR+LvsRQgB/B+1foMPvi0FZPMl5fjD7ICiznUiBdLYMH1QYe6vqu4gWYytZOccLouFw=="
    "resolved" "https://registry.npmjs.org/babel-walk/-/babel-walk-3.0.0-canary-5.tgz"
    "version" "3.0.0-canary-5"
    dependencies:
      "@babel/types" "^7.9.6"
  
  "balanced-match@^1.0.0":
    "integrity" "sha512-3oSeUO0TMV67hN1AmbXsK4yaqU7tjiHlbxRDZOpH0KW9+CeX4bRAaX0Anxt0tx2MrpRpWwQaPwIlISEJhYU5Pw=="
    "resolved" "https://registry.npmjs.org/balanced-match/-/balanced-match-1.0.2.tgz"
    "version" "1.0.2"
  
  "binary-extensions@^2.0.0":
    "integrity" "sha512-jDctJ/IVQbZoJykoeHbhXpOlNBqGNcwXJKJog42E5HDPUwQTSdjCHdihjj0DlnheQ7blbT6dHOafNAiS8ooQKA=="
    "resolved" "https://registry.npmjs.org/binary-extensions/-/binary-extensions-2.2.0.tgz"
    "version" "2.2.0"
  
  "brace-expansion@^1.1.7":
    "integrity" "sha512-iCuPHDFgrHX7H2vEI/5xpz07zSHB00TpugqhmYtVmMO6518mCuRMoOYFldEBl0g187ufozdaHgWKcYFb61qGiA=="
    "resolved" "https://registry.npmjs.org/brace-expansion/-/brace-expansion-1.1.11.tgz"
    "version" "1.1.11"
    dependencies:
      "balanced-match" "^1.0.0"
      "concat-map" "0.0.1"
  
  "braces@^3.0.1", "braces@~3.0.2":
    "integrity" "sha512-b8um+L1RzM3WDSzvhm6gIz1yfTbBt6YTlcEKAvsmqCZZFw46z626lVj9j1yEPW33H5H+lBQpZMP1k8l+78Ha0A=="
    "resolved" "https://registry.npmjs.org/braces/-/braces-3.0.2.tgz"
    "version" "3.0.2"
    dependencies:
      "fill-range" "^7.0.1"
  
  "call-bind@^1.0.2":
    "integrity" "sha512-7O+FbCihrB5WGbFYesctwmTKae6rOiIzmz1icreWJ+0aA7LJfuqhEso2T9ncpcFtzMQtzXf2QGGueWJGTYsqrA=="
    "resolved" "https://registry.npmjs.org/call-bind/-/call-bind-1.0.2.tgz"
    "version" "1.0.2"
    dependencies:
      "function-bind" "^1.1.1"
      "get-intrinsic" "^1.0.2"
  
  "callsites@^3.0.0":
    "integrity" "sha512-P8BjAsXvZS+VIDUI11hHCQEv74YT67YUi5JJFNWIqL235sBmjX4+qx9Muvls5ivyNENctx46xQLQ3aTuE7ssaQ=="
    "resolved" "https://registry.npmjs.org/callsites/-/callsites-3.1.0.tgz"
    "version" "3.1.0"
  
  "chalk@^4.0.0":
    "integrity" "sha512-oKnbhFyRIXpUuez8iBMmyEa4nbj4IOQyuhc/wy9kY7/WVPcwIO9VA668Pu8RkO7+0G76SLROeyw9CpQ061i4mA=="
    "resolved" "https://registry.npmjs.org/chalk/-/chalk-4.1.2.tgz"
    "version" "4.1.2"
    dependencies:
      "ansi-styles" "^4.1.0"
      "supports-color" "^7.1.0"
  
  "character-parser@^2.2.0":
    "integrity" "sha1-x84o821LzZdE5f/CxfzeHHMmH8A="
    "resolved" "https://registry.npmjs.org/character-parser/-/character-parser-2.2.0.tgz"
    "version" "2.2.0"
    dependencies:
      "is-regex" "^1.0.3"
  
  "chokidar@>=3.0.0 <4.0.0":
    "integrity" "sha512-ekGhOnNVPgT77r4K/U3GDhu+FQ2S8TnK/s2KbIGXi0SZWuwkZ2QNyfWdZW+TVfn84DpEP7rLeCt2UI6bJ8GwbQ=="
    "resolved" "https://registry.npmjs.org/chokidar/-/chokidar-3.5.2.tgz"
    "version" "3.5.2"
    dependencies:
      "anymatch" "~3.1.2"
      "braces" "~3.0.2"
      "glob-parent" "~5.1.2"
      "is-binary-path" "~2.1.0"
      "is-glob" "~4.0.1"
      "normalize-path" "~3.0.0"
      "readdirp" "~3.6.0"
    optionalDependencies:
      "fsevents" "~2.3.2"
  
  "color-convert@^2.0.1":
    "integrity" "sha512-RRECPsj7iu/xb5oKYcsFHSppFNnsj/52OVTRKb4zP5onXwVF3zVmmToNcOfGC+CRDpfK/U584fMg38ZHCaElKQ=="
    "resolved" "https://registry.npmjs.org/color-convert/-/color-convert-2.0.1.tgz"
    "version" "2.0.1"
    dependencies:
      "color-name" "~1.1.4"
  
  "color-name@~1.1.4":
    "integrity" "sha512-dOy+3AuW3a2wNbZHIuMZpTcgjGuLU/uBL/ubcZF9OXbDo8ff4O8yVp5Bf0efS8uEoYo5q4Fx7dY9OgQGXgAsQA=="
    "resolved" "https://registry.npmjs.org/color-name/-/color-name-1.1.4.tgz"
    "version" "1.1.4"
  
  "concat-map@0.0.1":
    "integrity" "sha1-2Klr13/Wjfd5OnMDajug1UBdR3s="
    "resolved" "https://registry.npmjs.org/concat-map/-/concat-map-0.0.1.tgz"
    "version" "0.0.1"
  
  "constantinople@^4.0.1":
    "integrity" "sha512-vCrqcSIq4//Gx74TXXCGnHpulY1dskqLTFGDmhrGxzeXL8lF8kvXv6mpNWlJj1uD4DW23D4ljAqbY4RRaaUZIw=="
    "resolved" "https://registry.npmjs.org/constantinople/-/constantinople-4.0.1.tgz"
    "version" "4.0.1"
    dependencies:
      "@babel/parser" "^7.6.0"
      "@babel/types" "^7.6.1"
  
  "cross-spawn@^7.0.2":
    "integrity" "sha512-iRDPJKUPVEND7dHPO8rkbOnPpyDygcDFtWjpeWNCgy8WP2rXcxXL8TskReQl6OrB2G7+UJrags1q15Fudc7G6w=="
    "resolved" "https://registry.npmjs.org/cross-spawn/-/cross-spawn-7.0.3.tgz"
    "version" "7.0.3"
    dependencies:
      "path-key" "^3.1.0"
      "shebang-command" "^2.0.0"
      "which" "^2.0.1"
  
  "css-render@^0.15.3", "css-render@^0.15.6", "css-render@~0.15.6":
    "integrity" "sha512-YTfTgDtR+BIqtVWRTkzjQ8RROp1IbZsm1ihzO8FUw2LMi76TaFRBchy2VEyU7ltdvjQs+W0a4YRPqdntU21kig=="
    "resolved" "https://registry.npmjs.org/css-render/-/css-render-0.15.6.tgz"
    "version" "0.15.6"
    dependencies:
      "@emotion/hash" "~0.8.0"
      "@types/node" "~14.14.31"
      "csstype" "~3.0.5"
  
  "csstype@^2.6.8":
    "integrity" "sha512-ZVxXaNy28/k3kJg0Fou5MiYpp88j7H9hLZp8PDC3jV0WFjfH5E9xHb56L0W59cPbKbcHXeP4qyT8PrHp8t6LcQ=="
    "resolved" "https://registry.npmjs.org/csstype/-/csstype-2.6.19.tgz"
    "version" "2.6.19"
  
  "csstype@~3.0.5":
    "integrity" "sha512-2u44ZG2OcNUO9HDp/Jl8C07x6pU/eTR3ncV91SiK3dhG9TWvRVsCoJw14Ckx5DgWkzGA3waZWO3d7pgqpUI/XA=="
    "resolved" "https://registry.npmjs.org/csstype/-/csstype-3.0.10.tgz"
    "version" "3.0.10"
  
  "date-fns-tz@^1.1.6":
    "integrity" "sha512-nyy+URfFI3KUY7udEJozcoftju+KduaqkVfwyTIE0traBiVye09QnyWKLZK7drRr5h9B7sPJITmQnS3U6YOdQg=="
    "resolved" "https://registry.npmjs.org/date-fns-tz/-/date-fns-tz-1.1.6.tgz"
    "version" "1.1.6"
  
  "date-fns@^2.19.0", "date-fns@>=2.0.0-alpha.13":
    "integrity" "sha512-VQI812dRi3cusdY/fhoBKvc6l2W8BPWU1FNVnFH9Nttjx4AFBRzfSVb/Eyc7jBT6e9sg1XtAGsYpBQ6c/jygbg=="
    "resolved" "https://registry.npmjs.org/date-fns/-/date-fns-2.26.0.tgz"
    "version" "2.26.0"
  
  "debug@^4.1.1", "debug@^4.3.2":
    "integrity" "sha512-mOp8wKcvj7XxC78zLgw/ZA+6TSgkoE2C/ienthhRD298T7UNwAg9diBpLRxC0mOezLl4B0xV7M0cCO6P/O0Xhw=="
    "resolved" "https://registry.npmjs.org/debug/-/debug-4.3.2.tgz"
    "version" "4.3.2"
    dependencies:
      "ms" "2.1.2"
  
  "deep-is@^0.1.3":
    "integrity" "sha512-oIPzksmTg4/MriiaYGO+okXDT7ztn/w3Eptv/+gSIdMdKsJo0u4CfYNFJPy+4SKMuCqGw2wxnA+URMg3t8a/bQ=="
    "resolved" "https://registry.npmjs.org/deep-is/-/deep-is-0.1.4.tgz"
    "version" "0.1.4"
  
  "diff-sequences@^27.0.6":
    "integrity" "sha512-ag6wfpBFyNXZ0p8pcuIDS//D8H062ZQJ3fzYxjpmeKjnz8W4pekL3AI8VohmyZmsWW2PWaHgjsmqR6L13101VQ=="
    "resolved" "https://registry.npmjs.org/diff-sequences/-/diff-sequences-27.0.6.tgz"
    "version" "27.0.6"
  
  "dir-glob@^3.0.1":
    "integrity" "sha512-WkrWp9GR4KXfKGYzOLmTuGVi1UWFfws377n9cc55/tb6DuqyF6pcQ5AbiHEshaDpY9v6oaSr2XCDidGmMwdzIA=="
    "resolved" "https://registry.npmjs.org/dir-glob/-/dir-glob-3.0.1.tgz"
    "version" "3.0.1"
    dependencies:
      "path-type" "^4.0.0"
  
  "doctrine@^3.0.0":
    "integrity" "sha512-yS+Q5i3hBf7GBkd4KG8a7eBNNWNGLTaEwwYWUijIYM7zrlYDM0BFXHjjPWlWZ1Rg7UaddZeIDmi9jF3HmqiQ2w=="
    "resolved" "https://registry.npmjs.org/doctrine/-/doctrine-3.0.0.tgz"
    "version" "3.0.0"
    dependencies:
      "esutils" "^2.0.2"
  
  "doctypes@^1.1.0":
    "integrity" "sha1-6oCxBqh1OHdOijpKWv4pPeSJ4Kk="
    "resolved" "https://registry.npmjs.org/doctypes/-/doctypes-1.1.0.tgz"
    "version" "1.1.0"
  
  "dom-serializer@^1.0.1":
    "integrity" "sha512-5c54Bk5Dw4qAxNOI1pFEizPSjVsx5+bpJKmL2kPn8JhBUq2q09tTCa3mjijun2NfK78NMouDYNMBkOrPZiS+ig=="
    "resolved" "https://registry.npmjs.org/dom-serializer/-/dom-serializer-1.3.2.tgz"
    "version" "1.3.2"
    dependencies:
      "domelementtype" "^2.0.1"
      "domhandler" "^4.2.0"
      "entities" "^2.0.0"
  
  "domelementtype@^2.0.1", "domelementtype@^2.2.0":
    "integrity" "sha512-DtBMo82pv1dFtUmHyr48beiuq792Sxohr+8Hm9zoxklYPfa6n0Z3Byjj2IV7bmr2IyqClnqEQhfgHJJ5QF0R5A=="
    "resolved" "https://registry.npmjs.org/domelementtype/-/domelementtype-2.2.0.tgz"
    "version" "2.2.0"
  
  "domhandler@^4.0.0", "domhandler@^4.2.0":
    "integrity" "sha512-PzE9aBMsdZO8TK4BnuJwH0QT41wgMbRzuZrHUcpYncEjmQazq8QEaBWgLG7ZyC/DAZKEgglpIA6j4Qn/HmxS3w=="
    "resolved" "https://registry.npmjs.org/domhandler/-/domhandler-4.2.2.tgz"
    "version" "4.2.2"
    dependencies:
      "domelementtype" "^2.2.0"
  
  "domutils@^2.5.2":
    "integrity" "sha512-w96Cjofp72M5IIhpjgobBimYEfoPjx1Vx0BSX9P30WBdZW2WIKU0T1Bd0kz2eNZ9ikjKgHbEyKx8BB6H1L3h3A=="
    "resolved" "https://registry.npmjs.org/domutils/-/domutils-2.8.0.tgz"
    "version" "2.8.0"
    dependencies:
      "dom-serializer" "^1.0.1"
      "domelementtype" "^2.2.0"
      "domhandler" "^4.2.0"
  
  "emmet@^2.3.0":
    "integrity" "sha512-3IqSwmO+N2ZGeuhDyhV/TIOJFUbkChi53bcasSNRE7Yd+4eorbbYz4e53TpMECt38NtYkZNupQCZRlwdAYA42A=="
    "resolved" "https://registry.npmjs.org/emmet/-/emmet-2.3.4.tgz"
    "version" "2.3.4"
    dependencies:
      "@emmetio/abbreviation" "^2.2.2"
      "@emmetio/css-abbreviation" "^2.1.4"
  
  "enquirer@^2.3.5":
    "integrity" "sha512-yjNnPr315/FjS4zIsUxYguYUPP2e1NK4d7E7ZOLiyYCcbFBiTMyID+2wvm2w6+pZ/odMA7cRkjhsPbltwBOrLg=="
    "resolved" "https://registry.npmjs.org/enquirer/-/enquirer-2.3.6.tgz"
    "version" "2.3.6"
    dependencies:
      "ansi-colors" "^4.1.1"
  
  "entities@^2.0.0":
    "integrity" "sha512-p92if5Nz619I0w+akJrLZH0MX0Pb5DX39XOwQTtXSdQQOaYH03S1uIQp4mhOZtAXrxq4ViO67YTiLBo2638o9A=="
    "resolved" "https://registry.npmjs.org/entities/-/entities-2.2.0.tgz"
    "version" "2.2.0"
  
  "esbuild-windows-64@0.13.15":
    "integrity" "sha512-9aMsPRGDWCd3bGjUIKG/ZOJPKsiztlxl/Q3C1XDswO6eNX/Jtwu4M+jb6YDH9hRSUflQWX0XKAfWzgy5Wk54JQ=="
    "resolved" "https://registry.npmjs.org/esbuild-windows-64/-/esbuild-windows-64-0.13.15.tgz"
    "version" "0.13.15"
  
  "esbuild@^0.13.2":
    "integrity" "sha512-raCxt02HBKv8RJxE8vkTSCXGIyKHdEdGfUmiYb8wnabnaEmHzyW7DCHb5tEN0xU8ryqg5xw54mcwnYkC4x3AIw=="
    "resolved" "https://registry.npmjs.org/esbuild/-/esbuild-0.13.15.tgz"
    "version" "0.13.15"
    optionalDependencies:
      "esbuild-android-arm64" "0.13.15"
      "esbuild-darwin-64" "0.13.15"
      "esbuild-darwin-arm64" "0.13.15"
      "esbuild-freebsd-64" "0.13.15"
      "esbuild-freebsd-arm64" "0.13.15"
      "esbuild-linux-32" "0.13.15"
      "esbuild-linux-64" "0.13.15"
      "esbuild-linux-arm" "0.13.15"
      "esbuild-linux-arm64" "0.13.15"
      "esbuild-linux-mips64le" "0.13.15"
      "esbuild-linux-ppc64le" "0.13.15"
      "esbuild-netbsd-64" "0.13.15"
      "esbuild-openbsd-64" "0.13.15"
      "esbuild-sunos-64" "0.13.15"
      "esbuild-windows-32" "0.13.15"
      "esbuild-windows-64" "0.13.15"
      "esbuild-windows-arm64" "0.13.15"
  
  "escape-string-regexp@^4.0.0":
    "integrity" "sha512-TtpcNJ3XAzx3Gq8sWRzJaVajRs0uVxA2YAkdb1jm2YkPz4G6egUFAyA3n5vtEIZefPk5Wa4UXbKuS5fKkJWdgA=="
    "resolved" "https://registry.npmjs.org/escape-string-regexp/-/escape-string-regexp-4.0.0.tgz"
    "version" "4.0.0"
  
  "eslint-config-google@^0.14.0":
    "integrity" "sha512-WsbX4WbjuMvTdeVL6+J3rK1RGhCTqjsFjX7UMSMgZiyxxaNLkoJENbrGExzERFeoTpGw3F3FypTiWAP9ZXzkEw=="
    "resolved" "https://registry.npmjs.org/eslint-config-google/-/eslint-config-google-0.14.0.tgz"
    "version" "0.14.0"
  
  "eslint-plugin-vue@^8.1.1":
    "integrity" "sha512-rx64IrlhdfPya6u2V5ukOGiLCTgaCBdMSpczLVqyo8A0l+Vbo+lzvIfEUfAQ2auj+MF6y0TwxLorzdCIzHunnw=="
    "resolved" "https://registry.npmjs.org/eslint-plugin-vue/-/eslint-plugin-vue-8.1.1.tgz"
    "version" "8.1.1"
    dependencies:
      "eslint-utils" "^3.0.0"
      "natural-compare" "^1.4.0"
      "semver" "^7.3.5"
      "vue-eslint-parser" "^8.0.1"
  
  "eslint-scope@^5.1.1":
    "integrity" "sha512-2NxwbF/hZ0KpepYN0cNbo+FN6XoK7GaHlQhgx/hIZl6Va0bF45RQOOwhLIy8lQDbuCiadSLCBnH2CFYquit5bw=="
    "resolved" "https://registry.npmjs.org/eslint-scope/-/eslint-scope-5.1.1.tgz"
    "version" "5.1.1"
    dependencies:
      "esrecurse" "^4.3.0"
      "estraverse" "^4.1.1"
  
  "eslint-scope@^6.0.0":
    "integrity" "sha512-uRDL9MWmQCkaFus8RF5K9/L/2fn+80yoW3jkD53l4shjCh26fCtvJGasxjUqP5OT87SYTxCVA3BwTUzuELx9kA=="
    "resolved" "https://registry.npmjs.org/eslint-scope/-/eslint-scope-6.0.0.tgz"
    "version" "6.0.0"
    dependencies:
      "esrecurse" "^4.3.0"
      "estraverse" "^5.2.0"
  
  "eslint-scope@^7.1.0":
    "integrity" "sha512-aWwkhnS0qAXqNOgKOK0dJ2nvzEbhEvpy8OlJ9kZ0FeZnA6zpjv1/Vei+puGFFX7zkPCkHHXb7IDX3A+7yPrRWg=="
    "resolved" "https://registry.npmjs.org/eslint-scope/-/eslint-scope-7.1.0.tgz"
    "version" "7.1.0"
    dependencies:
      "esrecurse" "^4.3.0"
      "estraverse" "^5.2.0"
  
  "eslint-utils@^3.0.0":
    "integrity" "sha512-uuQC43IGctw68pJA1RgbQS8/NP7rch6Cwd4j3ZBtgo4/8Flj4eGE7ZYSZRN3iq5pVUv6GPdW5Z1RFleo84uLDA=="
    "resolved" "https://registry.npmjs.org/eslint-utils/-/eslint-utils-3.0.0.tgz"
    "version" "3.0.0"
    dependencies:
      "eslint-visitor-keys" "^2.0.0"
  
  "eslint-visitor-keys@^2.0.0", "eslint-visitor-keys@^2.1.0":
    "integrity" "sha512-0rSmRBzXgDzIsD6mGdJgevzgezI534Cer5L/vyMX0kHzT/jiB43jRhd9YUlMGYLQy2zprNmoT8qasCGtY+QaKw=="
    "resolved" "https://registry.npmjs.org/eslint-visitor-keys/-/eslint-visitor-keys-2.1.0.tgz"
    "version" "2.1.0"
  
  "eslint-visitor-keys@^3.0.0":
    "integrity" "sha512-yWJFpu4DtjsWKkt5GeNBBuZMlNcYVs6vRCLoCVEJrTjaSB6LC98gFipNK/erM2Heg/E8mIK+hXG/pJMLK+eRZA=="
    "resolved" "https://registry.npmjs.org/eslint-visitor-keys/-/eslint-visitor-keys-3.1.0.tgz"
    "version" "3.1.0"
  
  "eslint-visitor-keys@^3.1.0":
    "integrity" "sha512-yWJFpu4DtjsWKkt5GeNBBuZMlNcYVs6vRCLoCVEJrTjaSB6LC98gFipNK/erM2Heg/E8mIK+hXG/pJMLK+eRZA=="
    "resolved" "https://registry.npmjs.org/eslint-visitor-keys/-/eslint-visitor-keys-3.1.0.tgz"
    "version" "3.1.0"
  
  "eslint@*", "eslint@^6.0.0 || ^7.0.0 || ^8.0.0", "eslint@^6.2.0 || ^7.0.0 || ^8.0.0", "eslint@^7.5.0 || ^8.0.0", "eslint@^8.3.0", "eslint@>=5", "eslint@>=5.16.0", "eslint@>=6.0.0":
    "integrity" "sha512-aIay56Ph6RxOTC7xyr59Kt3ewX185SaGnAr8eWukoPLeriCrvGjvAubxuvaXOfsxhtwV5g0uBOsyhAom4qJdww=="
    "resolved" "https://registry.npmjs.org/eslint/-/eslint-8.3.0.tgz"
    "version" "8.3.0"
    dependencies:
      "@eslint/eslintrc" "^1.0.4"
      "@humanwhocodes/config-array" "^0.6.0"
      "ajv" "^6.10.0"
      "chalk" "^4.0.0"
      "cross-spawn" "^7.0.2"
      "debug" "^4.3.2"
      "doctrine" "^3.0.0"
      "enquirer" "^2.3.5"
      "escape-string-regexp" "^4.0.0"
      "eslint-scope" "^7.1.0"
      "eslint-utils" "^3.0.0"
      "eslint-visitor-keys" "^3.1.0"
      "espree" "^9.1.0"
      "esquery" "^1.4.0"
      "esutils" "^2.0.2"
      "fast-deep-equal" "^3.1.3"
      "file-entry-cache" "^6.0.1"
      "functional-red-black-tree" "^1.0.1"
      "glob-parent" "^6.0.1"
      "globals" "^13.6.0"
      "ignore" "^4.0.6"
      "import-fresh" "^3.0.0"
      "imurmurhash" "^0.1.4"
      "is-glob" "^4.0.0"
      "js-yaml" "^4.1.0"
      "json-stable-stringify-without-jsonify" "^1.0.1"
      "levn" "^0.4.1"
      "lodash.merge" "^4.6.2"
      "minimatch" "^3.0.4"
      "natural-compare" "^1.4.0"
      "optionator" "^0.9.1"
      "progress" "^2.0.0"
      "regexpp" "^3.2.0"
      "semver" "^7.2.1"
      "strip-ansi" "^6.0.1"
      "strip-json-comments" "^3.1.0"
      "text-table" "^0.2.0"
      "v8-compile-cache" "^2.0.3"
  
  "espree@^9.0.0", "espree@^9.1.0":
    "integrity" "sha512-ZgYLvCS1wxOczBYGcQT9DDWgicXwJ4dbocr9uYN+/eresBAUuBu+O4WzB21ufQ/JqQT8gyp7hJ3z8SHii32mTQ=="
    "resolved" "https://registry.npmjs.org/espree/-/espree-9.1.0.tgz"
    "version" "9.1.0"
    dependencies:
      "acorn" "^8.6.0"
      "acorn-jsx" "^5.3.1"
      "eslint-visitor-keys" "^3.1.0"
  
  "esquery@^1.4.0":
    "integrity" "sha512-cCDispWt5vHHtwMY2YrAQ4ibFkAL8RbH5YGBnZBc90MolvvfkkQcJro/aZiAQUlQ3qgrYS6D6v8Gc5G5CQsc9w=="
    "resolved" "https://registry.npmjs.org/esquery/-/esquery-1.4.0.tgz"
    "version" "1.4.0"
    dependencies:
      "estraverse" "^5.1.0"
  
  "esrecurse@^4.3.0":
    "integrity" "sha512-KmfKL3b6G+RXvP8N1vr3Tq1kL/oCFgn2NYXEtqP8/L3pKapUA4G8cFVaoF3SU323CD4XypR/ffioHmkti6/Tag=="
    "resolved" "https://registry.npmjs.org/esrecurse/-/esrecurse-4.3.0.tgz"
    "version" "4.3.0"
    dependencies:
      "estraverse" "^5.2.0"
  
  "estraverse@^4.1.1":
    "integrity" "sha512-39nnKffWz8xN1BU/2c79n9nB9HDzo0niYUqx6xyqUnyoAnQyyWpOTdZEeiCch8BBu515t4wp9ZmgVfVhn9EBpw=="
    "resolved" "https://registry.npmjs.org/estraverse/-/estraverse-4.3.0.tgz"
    "version" "4.3.0"
  
  "estraverse@^5.1.0", "estraverse@^5.2.0":
    "integrity" "sha512-MMdARuVEQziNTeJD8DgMqmhwR11BRQ/cBP+pLtYdSTnf3MIO8fFeiINEbX36ZdNlfU/7A9f3gUw49B3oQsvwBA=="
    "resolved" "https://registry.npmjs.org/estraverse/-/estraverse-5.3.0.tgz"
    "version" "5.3.0"
  
  "estree-walker@^2.0.2":
    "integrity" "sha512-Rfkk/Mp/DL7JVje3u18FxFujQlTNR2q6QfMSMB7AvCBx91NGj/ba3kCfza0f6dVDbw7YlRf/nDrn7pQrCCyQ/w=="
    "resolved" "https://registry.npmjs.org/estree-walker/-/estree-walker-2.0.2.tgz"
    "version" "2.0.2"
  
  "esutils@^2.0.2":
    "integrity" "sha512-kVscqXk4OCp68SZ0dkgEKVi6/8ij300KBWTJq32P/dYeWTSwK41WyTxalN1eRmA5Z9UU/LX9D7FWSmV9SAYx6g=="
    "resolved" "https://registry.npmjs.org/esutils/-/esutils-2.0.3.tgz"
    "version" "2.0.3"
  
  "evtd@^0.2.2", "evtd@^0.2.3":
    "integrity" "sha512-tmiT1YUVqFjTY+BSBOAskL83xNx41iUfpvKP6Gcd/xMHjg3mnER98jXGXJyKnxCG19uPc6EhZiUC+MUyvoqCtw=="
    "resolved" "https://registry.npmjs.org/evtd/-/evtd-0.2.3.tgz"
    "version" "0.2.3"
  
  "fast-deep-equal@^3.1.1", "fast-deep-equal@^3.1.3":
    "integrity" "sha512-f3qQ9oQy9j2AhBe/H9VC91wLmKBCCU/gDOnKNAYG5hswO7BLKj09Hc5HYNz9cGI++xlpDCIgDaitVs03ATR84Q=="
    "resolved" "https://registry.npmjs.org/fast-deep-equal/-/fast-deep-equal-3.1.3.tgz"
    "version" "3.1.3"
  
  "fast-glob@^3.1.1":
    "integrity" "sha512-rYGMRwip6lUMvYD3BTScMwT1HtAs2d71SMv66Vrxs0IekGZEjhM0pcMfjQPnknBt2zeCwQMEupiN02ZP4DiT1Q=="
    "resolved" "https://registry.npmjs.org/fast-glob/-/fast-glob-3.2.7.tgz"
    "version" "3.2.7"
    dependencies:
      "@nodelib/fs.stat" "^2.0.2"
      "@nodelib/fs.walk" "^1.2.3"
      "glob-parent" "^5.1.2"
      "merge2" "^1.3.0"
      "micromatch" "^4.0.4"
  
  "fast-json-stable-stringify@^2.0.0":
    "integrity" "sha512-lhd/wF+Lk98HZoTCtlVraHtfh5XYijIjalXck7saUtuanSDyLMxnHhSXEDJqHxD7msR8D0uCmqlkwjCV8xvwHw=="
    "resolved" "https://registry.npmjs.org/fast-json-stable-stringify/-/fast-json-stable-stringify-2.1.0.tgz"
    "version" "2.1.0"
  
  "fast-levenshtein@^2.0.6":
    "integrity" "sha1-PYpcZog6FqMMqGQ+hR8Zuqd5eRc="
    "resolved" "https://registry.npmjs.org/fast-levenshtein/-/fast-levenshtein-2.0.6.tgz"
    "version" "2.0.6"
  
  "fastq@^1.6.0":
    "integrity" "sha512-YpkpUnK8od0o1hmeSc7UUs/eB/vIPWJYjKck2QKIzAf71Vm1AAQ3EbuZB3g2JIy+pg+ERD0vqI79KyZiB2e2Nw=="
    "resolved" "https://registry.npmjs.org/fastq/-/fastq-1.13.0.tgz"
    "version" "1.13.0"
    dependencies:
      "reusify" "^1.0.4"
  
  "file-entry-cache@^6.0.1":
    "integrity" "sha512-7Gps/XWymbLk2QLYK4NzpMOrYjMhdIxXuIvy2QBsLE6ljuodKvdkWs/cpyJJ3CVIVpH0Oi1Hvg1ovbMzLdFBBg=="
    "resolved" "https://registry.npmjs.org/file-entry-cache/-/file-entry-cache-6.0.1.tgz"
    "version" "6.0.1"
    dependencies:
      "flat-cache" "^3.0.4"
  
  "fill-range@^7.0.1":
    "integrity" "sha512-qOo9F+dMUmC2Lcb4BbVvnKJxTPjCm+RRpe4gDuGrzkL7mEVl/djYSu2OdQ2Pa302N4oqkSg9ir6jaLWJ2USVpQ=="
    "resolved" "https://registry.npmjs.org/fill-range/-/fill-range-7.0.1.tgz"
    "version" "7.0.1"
    dependencies:
      "to-regex-range" "^5.0.1"
  
  "flat-cache@^3.0.4":
    "integrity" "sha512-dm9s5Pw7Jc0GvMYbshN6zchCA9RgQlzzEZX3vylR9IqFfS8XciblUXOKfW6SiuJ0e13eDYZoZV5wdrev7P3Nwg=="
    "resolved" "https://registry.npmjs.org/flat-cache/-/flat-cache-3.0.4.tgz"
    "version" "3.0.4"
    dependencies:
      "flatted" "^3.1.0"
      "rimraf" "^3.0.2"
  
  "flatted@^3.1.0":
    "integrity" "sha512-8/sOawo8tJ4QOBX8YlQBMxL8+RLZfxMQOif9o0KUKTNTjMYElWPE0r/m5VNFxTRd0NSw8qSy8dajrwX4RYI1Hw=="
    "resolved" "https://registry.npmjs.org/flatted/-/flatted-3.2.4.tgz"
    "version" "3.2.4"
  
  "fs.realpath@^1.0.0":
    "integrity" "sha1-FQStJSMVjKpA20onh8sBQRmU6k8="
    "resolved" "https://registry.npmjs.org/fs.realpath/-/fs.realpath-1.0.0.tgz"
    "version" "1.0.0"
  
  "function-bind@^1.1.1":
    "integrity" "sha512-yIovAzMX49sF8Yl58fSCWJ5svSLuaibPxXQJFLmBObTuCr0Mf1KiPopGM9NiFjiYBCbfaa2Fh6breQ6ANVTI0A=="
    "resolved" "https://registry.npmjs.org/function-bind/-/function-bind-1.1.1.tgz"
    "version" "1.1.1"
  
  "functional-red-black-tree@^1.0.1":
    "integrity" "sha1-GwqzvVU7Kg1jmdKcDj6gslIHgyc="
    "resolved" "https://registry.npmjs.org/functional-red-black-tree/-/functional-red-black-tree-1.0.1.tgz"
    "version" "1.0.1"
  
  "get-intrinsic@^1.0.2":
    "integrity" "sha512-kWZrnVM42QCiEA2Ig1bG8zjoIMOgxWwYCEeNdwY6Tv/cOSeGpcoX4pXHfKUxNKVoArnrEr2e9srnAxxGIraS9Q=="
    "resolved" "https://registry.npmjs.org/get-intrinsic/-/get-intrinsic-1.1.1.tgz"
    "version" "1.1.1"
    dependencies:
      "function-bind" "^1.1.1"
      "has" "^1.0.3"
      "has-symbols" "^1.0.1"
  
  "glob-parent@^5.1.2":
    "integrity" "sha512-AOIgSQCepiJYwP3ARnGx+5VnTu2HBYdzbGP45eLw1vr3zB3vZLeyed1sC9hnbcOc9/SrMyM5RPQrkGz4aS9Zow=="
    "resolved" "https://registry.npmjs.org/glob-parent/-/glob-parent-5.1.2.tgz"
    "version" "5.1.2"
    dependencies:
      "is-glob" "^4.0.1"
  
  "glob-parent@^6.0.1":
    "integrity" "sha512-XxwI8EOhVQgWp6iDL+3b0r86f4d6AX6zSU55HfB4ydCEuXLXc5FcYeOu+nnGftS4TEju/11rt4KJPTMgbfmv4A=="
    "resolved" "https://registry.npmjs.org/glob-parent/-/glob-parent-6.0.2.tgz"
    "version" "6.0.2"
    dependencies:
      "is-glob" "^4.0.3"
  
  "glob-parent@~5.1.2":
    "integrity" "sha512-AOIgSQCepiJYwP3ARnGx+5VnTu2HBYdzbGP45eLw1vr3zB3vZLeyed1sC9hnbcOc9/SrMyM5RPQrkGz4aS9Zow=="
    "resolved" "https://registry.npmjs.org/glob-parent/-/glob-parent-5.1.2.tgz"
    "version" "5.1.2"
    dependencies:
      "is-glob" "^4.0.1"
  
  "glob@^7.1.3":
    "integrity" "sha512-lmLf6gtyrPq8tTjSmrO94wBeQbFR3HbLHbuyD69wuyQkImp2hWqMGB47OX65FBkPffO641IP9jWa1z4ivqG26Q=="
    "resolved" "https://registry.npmjs.org/glob/-/glob-7.2.0.tgz"
    "version" "7.2.0"
    dependencies:
      "fs.realpath" "^1.0.0"
      "inflight" "^1.0.4"
      "inherits" "2"
      "minimatch" "^3.0.4"
      "once" "^1.3.0"
      "path-is-absolute" "^1.0.0"
  
  "globals@^13.6.0", "globals@^13.9.0":
    "integrity" "sha512-uS8X6lSKN2JumVoXrbUz+uG4BYG+eiawqm3qFcT7ammfbUHeCBoJMlHcec/S3krSk73/AE/f0szYFmgAA3kYZg=="
    "resolved" "https://registry.npmjs.org/globals/-/globals-13.12.0.tgz"
    "version" "13.12.0"
    dependencies:
      "type-fest" "^0.20.2"
  
  "globby@^11.0.4":
    "integrity" "sha512-9O4MVG9ioZJ08ffbcyVYyLOJLk5JQ688pJ4eMGLpdWLHq/Wr1D9BlriLQyL0E+jbkuePVZXYFj47QM/v093wHg=="
    "resolved" "https://registry.npmjs.org/globby/-/globby-11.0.4.tgz"
    "version" "11.0.4"
    dependencies:
      "array-union" "^2.1.0"
      "dir-glob" "^3.0.1"
      "fast-glob" "^3.1.1"
      "ignore" "^5.1.4"
      "merge2" "^1.3.0"
      "slash" "^3.0.0"
  
  "graphql-tag@^2.12.6":
    "integrity" "sha512-FdSNcu2QQcWnM2VNvSCCDCVS5PpPqpzgFT8+GXzqJuoDd0CBncxCY278u4mhRO7tMgo2JjgJA5aZ+nWSQ/Z+xg=="
    "resolved" "https://registry.npmjs.org/graphql-tag/-/graphql-tag-2.12.6.tgz"
    "version" "2.12.6"
    dependencies:
      "tslib" "^2.1.0"
  
  "graphql@^0.11.0 || ^0.12.0 || ^0.13.0 || ^14.0.0 || ^15.0.0 || ^16.0.0", "graphql@^0.9.0 || ^0.10.0 || ^0.11.0 || ^0.12.0 || ^0.13.0 || ^14.0.0 || ^15.0.0 || ^16.0.0", "graphql@^16.0.1":
    "integrity" "sha512-oPvCuu6dlLdiz8gZupJ47o1clgb72r1u8NDBcQYjcV6G/iEdmE11B1bBlkhXRvV0LisP/SXRFP7tT6AgaTjpzg=="
    "resolved" "https://registry.npmjs.org/graphql/-/graphql-16.0.1.tgz"
    "version" "16.0.1"
  
  "has-flag@^4.0.0":
    "integrity" "sha512-EykJT/Q1KjTWctppgIAgfSO0tKVuZUjhgMr17kqTumMl6Afv3EISleU7qZUzoXDFTAHTDC4NOoG/ZxU3EvlMPQ=="
    "resolved" "https://registry.npmjs.org/has-flag/-/has-flag-4.0.0.tgz"
    "version" "4.0.0"
  
  "has-symbols@^1.0.1", "has-symbols@^1.0.2":
    "integrity" "sha512-chXa79rL/UC2KlX17jo3vRGz0azaWEx5tGqZg5pO3NUyEJVB17dMruQlzCCOfUvElghKcm5194+BCRvi2Rv/Gw=="
    "resolved" "https://registry.npmjs.org/has-symbols/-/has-symbols-1.0.2.tgz"
    "version" "1.0.2"
  
  "has-tostringtag@^1.0.0":
    "integrity" "sha512-kFjcSNhnlGV1kyoGk7OXKSawH5JOb/LzUc5w9B02hOTO0dfFRjbHQKvg1d6cf3HbeUmtU9VbbV3qzZ2Teh97WQ=="
    "resolved" "https://registry.npmjs.org/has-tostringtag/-/has-tostringtag-1.0.0.tgz"
    "version" "1.0.0"
    dependencies:
      "has-symbols" "^1.0.2"
  
  "has@^1.0.3":
    "integrity" "sha512-f2dvO0VU6Oej7RkWJGrehjbzMAjFp5/VKPp5tTpWIV4JHHZK1/BxbFRtf/siA2SWTe09caDmVtYYzWEIbBS4zw=="
    "resolved" "https://registry.npmjs.org/has/-/has-1.0.3.tgz"
    "version" "1.0.3"
    dependencies:
      "function-bind" "^1.1.1"
  
  "highlight.js@^11.0.1":
    "integrity" "sha512-PUhCRnPjLtiLHZAQ5A/Dt5F8cWZeMyj9KRsACsWT+OD6OP0x6dp5OmT5jdx0JgEyPxPZZIPQpRN2TciUT7occw=="
    "resolved" "https://registry.npmjs.org/highlight.js/-/highlight.js-11.3.1.tgz"
    "version" "11.3.1"
  
  "htmlparser2@^6.1.0":
    "integrity" "sha512-gyyPk6rgonLFEDGoeRgQNaEUvdJ4ktTmmUh/h2t7s+M8oPpIPxgNACWa+6ESR57kXstwqPiCut0V8NRpcwgU7A=="
    "resolved" "https://registry.npmjs.org/htmlparser2/-/htmlparser2-6.1.0.tgz"
    "version" "6.1.0"
    dependencies:
      "domelementtype" "^2.0.1"
      "domhandler" "^4.0.0"
      "domutils" "^2.5.2"
      "entities" "^2.0.0"
  
  "ignore@^4.0.6":
    "integrity" "sha512-cyFDKrqc/YdcWFniJhzI42+AzS+gNwmUzOSFcRCQYwySuBBBy/KjuxWLZ/FHEH6Moq1NizMOBWyTcv8O4OZIMg=="
    "resolved" "https://registry.npmjs.org/ignore/-/ignore-4.0.6.tgz"
    "version" "4.0.6"
  
  "ignore@^5.1.4":
    "integrity" "sha512-2zeMQpbKz5dhZ9IwL0gbxSW5w0NK/MSAMtNuhgIHEPmaU3vPdKPL0UdvUCXs5SS4JAwsBxysK5sFMW8ocFiVjQ=="
    "resolved" "https://registry.npmjs.org/ignore/-/ignore-5.1.9.tgz"
    "version" "5.1.9"
  
  "ignore@^5.1.8":
    "integrity" "sha512-2zeMQpbKz5dhZ9IwL0gbxSW5w0NK/MSAMtNuhgIHEPmaU3vPdKPL0UdvUCXs5SS4JAwsBxysK5sFMW8ocFiVjQ=="
    "resolved" "https://registry.npmjs.org/ignore/-/ignore-5.1.9.tgz"
    "version" "5.1.9"
  
  "import-fresh@^3.0.0", "import-fresh@^3.2.1":
    "integrity" "sha512-veYYhQa+D1QBKznvhUHxb8faxlrwUnxseDAbAp457E0wLNio2bOSKnjYDhMj+YiAq61xrMGhQk9iXVk5FzgQMw=="
    "resolved" "https://registry.npmjs.org/import-fresh/-/import-fresh-3.3.0.tgz"
    "version" "3.3.0"
    dependencies:
      "parent-module" "^1.0.0"
      "resolve-from" "^4.0.0"
  
  "imurmurhash@^0.1.4":
    "integrity" "sha1-khi5srkoojixPcT7a21XbyMUU+o="
    "resolved" "https://registry.npmjs.org/imurmurhash/-/imurmurhash-0.1.4.tgz"
    "version" "0.1.4"
  
  "inflight@^1.0.4":
    "integrity" "sha1-Sb1jMdfQLQwJvJEKEHW6gWW1bfk="
    "resolved" "https://registry.npmjs.org/inflight/-/inflight-1.0.6.tgz"
    "version" "1.0.6"
    dependencies:
      "once" "^1.3.0"
      "wrappy" "1"
  
  "inherits@2":
    "integrity" "sha512-k/vGaX4/Yla3WzyMCvTQOXYeIHvqOKtnqBduzTHpzpQZzAskKMhZ2K+EnBiSM9zGSoIFeMpXKxa4dYeZIQqewQ=="
    "resolved" "https://registry.npmjs.org/inherits/-/inherits-2.0.4.tgz"
    "version" "2.0.4"
  
  "is-binary-path@~2.1.0":
    "integrity" "sha512-ZMERYes6pDydyuGidse7OsHxtbI7WVeUEozgR/g7rd0xUimYNlvZRE/K2MgZTjWy725IfelLeVcEM97mmtRGXw=="
    "resolved" "https://registry.npmjs.org/is-binary-path/-/is-binary-path-2.1.0.tgz"
    "version" "2.1.0"
    dependencies:
      "binary-extensions" "^2.0.0"
  
  "is-core-module@^2.2.0":
    "integrity" "sha512-vd15qHsaqrRL7dtH6QNuy0ndJmRDrS9HAM1CAiSifNUFv4x1a0CCVsj18hJ1mShxIG6T2i1sO78MkP56r0nYRw=="
    "resolved" "https://registry.npmjs.org/is-core-module/-/is-core-module-2.8.0.tgz"
    "version" "2.8.0"
    dependencies:
      "has" "^1.0.3"
  
  "is-expression@^4.0.0":
    "integrity" "sha512-zMIXX63sxzG3XrkHkrAPvm/OVZVSCPNkwMHU8oTX7/U3AL78I0QXCEICXUM13BIa8TYGZ68PiTKfQz3yaTNr4A=="
    "resolved" "https://registry.npmjs.org/is-expression/-/is-expression-4.0.0.tgz"
    "version" "4.0.0"
    dependencies:
      "acorn" "^7.1.1"
      "object-assign" "^4.1.1"
  
  "is-extglob@^2.1.1":
    "integrity" "sha1-qIwCU1eR8C7TfHahueqXc8gz+MI="
    "resolved" "https://registry.npmjs.org/is-extglob/-/is-extglob-2.1.1.tgz"
    "version" "2.1.1"
  
  "is-glob@^4.0.0", "is-glob@^4.0.1", "is-glob@^4.0.3", "is-glob@~4.0.1":
    "integrity" "sha512-xelSayHH36ZgE7ZWhli7pW34hNbNl8Ojv5KVmkJD4hBdD3th8Tfk9vYasLM+mXWOZhFkgZfxhLSnrwRr4elSSg=="
    "resolved" "https://registry.npmjs.org/is-glob/-/is-glob-4.0.3.tgz"
    "version" "4.0.3"
    dependencies:
      "is-extglob" "^2.1.1"
  
  "is-number@^7.0.0":
    "integrity" "sha512-41Cifkg6e8TylSpdtTpeLVMqvSBEVzTttHvERD741+pnZ8ANv0004MRL43QKPDlK9cGvNp6NZWZUBlbGXYxxng=="
    "resolved" "https://registry.npmjs.org/is-number/-/is-number-7.0.0.tgz"
    "version" "7.0.0"
  
  "is-promise@^2.0.0":
    "integrity" "sha512-+lP4/6lKUBfQjZ2pdxThZvLUAafmZb8OAxFb8XXtiQmS35INgr85hdOGoEs124ez1FCnZJt6jau/T+alh58QFQ=="
    "resolved" "https://registry.npmjs.org/is-promise/-/is-promise-2.2.2.tgz"
    "version" "2.2.2"
  
  "is-regex@^1.0.3":
    "integrity" "sha512-kvRdxDsxZjhzUX07ZnLydzS1TU/TJlTUHHY4YLL87e37oUA49DfkLqgy+VjFocowy29cKvcSiu+kIv728jTTVg=="
    "resolved" "https://registry.npmjs.org/is-regex/-/is-regex-1.1.4.tgz"
    "version" "1.1.4"
    dependencies:
      "call-bind" "^1.0.2"
      "has-tostringtag" "^1.0.0"
  
  "isexe@^2.0.0":
    "integrity" "sha1-6PvzdNxVb/iUehDcsFctYz8s+hA="
    "resolved" "https://registry.npmjs.org/isexe/-/isexe-2.0.0.tgz"
    "version" "2.0.0"
  
  "jest-diff@^27.0.0":
    "integrity" "sha512-PCeuAH4AWUo2O5+ksW4pL9v5xJAcIKPUPfIhZBcG1RKv/0+dvaWTQK1Nrau8d67dp65fOqbeMdoil+6PedyEPQ=="
    "resolved" "https://registry.npmjs.org/jest-diff/-/jest-diff-27.3.1.tgz"
    "version" "27.3.1"
    dependencies:
      "chalk" "^4.0.0"
      "diff-sequences" "^27.0.6"
      "jest-get-type" "^27.3.1"
      "pretty-format" "^27.3.1"
  
  "jest-get-type@^27.3.1":
    "integrity" "sha512-+Ilqi8hgHSAdhlQ3s12CAVNd8H96ZkQBfYoXmArzZnOfAtVAJEiPDBirjByEblvG/4LPJmkL+nBqPO3A1YJAEg=="
    "resolved" "https://registry.npmjs.org/jest-get-type/-/jest-get-type-27.3.1.tgz"
    "version" "27.3.1"
  
  "js-stringify@^1.0.2":
    "integrity" "sha1-Fzb939lyTyijaCrcYjCufk6Weds="
    "resolved" "https://registry.npmjs.org/js-stringify/-/js-stringify-1.0.2.tgz"
    "version" "1.0.2"
  
  "js-yaml@^4.1.0":
    "integrity" "sha512-wpxZs9NoxZaJESJGIZTyDEaYpl0FKSA+FB9aJiyemKhMwkxQg63h4T1KJgUGHpTqPDNRcmmYLugrRjJlBtWvRA=="
    "resolved" "https://registry.npmjs.org/js-yaml/-/js-yaml-4.1.0.tgz"
    "version" "4.1.0"
    dependencies:
      "argparse" "^2.0.1"
  
  "json-schema-traverse@^0.4.1":
    "integrity" "sha512-xbbCH5dCYU5T8LcEhhuh7HJ88HXuW3qsI3Y0zOZFKfZEHcpWiHU/Jxzk629Brsab/mMiHQti9wMP+845RPe3Vg=="
    "resolved" "https://registry.npmjs.org/json-schema-traverse/-/json-schema-traverse-0.4.1.tgz"
    "version" "0.4.1"
  
  "json-stable-stringify-without-jsonify@^1.0.1":
    "integrity" "sha1-nbe1lJatPzz+8wp1FC0tkwrXJlE="
    "resolved" "https://registry.npmjs.org/json-stable-stringify-without-jsonify/-/json-stable-stringify-without-jsonify-1.0.1.tgz"
    "version" "1.0.1"
  
  "jsonc-parser@^2.3.0":
    "integrity" "sha512-H8jvkz1O50L3dMZCsLqiuB2tA7muqbSg1AtGEkN0leAqGjsUzDJir3Zwr02BhqdcITPg3ei3mZ+HjMocAknhhg=="
    "resolved" "https://registry.npmjs.org/jsonc-parser/-/jsonc-parser-2.3.1.tgz"
    "version" "2.3.1"
  
  "jsonc-parser@^3.0.0":
    "integrity" "sha512-fQzRfAbIBnR0IQvftw9FJveWiHp72Fg20giDrHz6TdfB12UH/uue0D3hm57UB5KgAVuniLMCaS8P1IMj9NR7cA=="
    "resolved" "https://registry.npmjs.org/jsonc-parser/-/jsonc-parser-3.0.0.tgz"
    "version" "3.0.0"
  
  "jstransformer@1.0.0":
    "integrity" "sha1-7Yvwkh4vPx7U1cGkT2hwntJHIsM="
    "resolved" "https://registry.npmjs.org/jstransformer/-/jstransformer-1.0.0.tgz"
    "version" "1.0.0"
    dependencies:
      "is-promise" "^2.0.0"
      "promise" "^7.0.1"
  
  "levn@^0.4.1":
    "integrity" "sha512-+bT2uH4E5LGE7h/n3evcS/sQlJXCpIp6ym8OWJ5eV6+67Dsql/LaaT7qJBAt2rzfoa/5QBGBhxDix1dMt2kQKQ=="
    "resolved" "https://registry.npmjs.org/levn/-/levn-0.4.1.tgz"
    "version" "0.4.1"
    dependencies:
      "prelude-ls" "^1.2.1"
      "type-check" "~0.4.0"
  
  "lodash-es@^4.17.21":
    "integrity" "sha512-mKnC+QJ9pWVzv+C4/U3rRsHapFfHvQFoFB92e52xeyGMcX6/OlIl78je1u8vePzYZSkkogMPJ2yjxxsb89cxyw=="
    "resolved" "https://registry.npmjs.org/lodash-es/-/lodash-es-4.17.21.tgz"
    "version" "4.17.21"
  
  "lodash.merge@^4.6.2":
    "integrity" "sha512-0KpjqXRVvrYyCsX1swR/XTK0va6VQkQM6MNo7PqW77ByjAhoARA8EfrP1N4+KlKj8YS0ZUCtRT/YUuhyYDujIQ=="
    "resolved" "https://registry.npmjs.org/lodash.merge/-/lodash.merge-4.6.2.tgz"
    "version" "4.6.2"
  
  "lodash@^4.17.21":
    "integrity" "sha512-v2kDEe57lecTulaDIuNTPy3Ry4gLGJ6Z1O3vE1krgXZNrsQ+LFTGHVxVjcXPs17LhbZVGedAJv8XZ1tvj5FvSg=="
    "resolved" "https://registry.npmjs.org/lodash/-/lodash-4.17.21.tgz"
    "version" "4.17.21"
  
  "lru-cache@^6.0.0":
    "integrity" "sha512-Jo6dJ04CmSjuznwJSS3pUeWmd/H0ffTlkXXgwZi+eq1UCmqQwCh+eLsYOYCwY991i2Fah4h1BEMCx4qThGbsiA=="
    "resolved" "https://registry.npmjs.org/lru-cache/-/lru-cache-6.0.0.tgz"
    "version" "6.0.0"
    dependencies:
      "yallist" "^4.0.0"
  
  "magic-string@^0.25.7":
    "integrity" "sha512-4CrMT5DOHTDk4HYDlzmwu4FVCcIYI8gauveasrdCu2IKIFOJ3f0v/8MDGJCDL9oD2ppz/Av1b0Nj345H9M+XIA=="
    "resolved" "https://registry.npmjs.org/magic-string/-/magic-string-0.25.7.tgz"
    "version" "0.25.7"
    dependencies:
      "sourcemap-codec" "^1.4.4"
  
  "merge2@^1.3.0":
    "integrity" "sha512-8q7VEgMJW4J8tcfVPy8g09NcQwZdbwFEqhe/WZkoIzjn/3TGDwtOCYtXGxA3O8tPzpczCCDgv+P2P5y00ZJOOg=="
    "resolved" "https://registry.npmjs.org/merge2/-/merge2-1.4.1.tgz"
    "version" "1.4.1"
  
  "micromatch@^4.0.4":
    "integrity" "sha512-pRmzw/XUcwXGpD9aI9q/0XOwLNygjETJ8y0ao0wdqprrzDa4YnxLcz7fQRZr8voh8V10kGhABbNcHVk5wHgWwg=="
    "resolved" "https://registry.npmjs.org/micromatch/-/micromatch-4.0.4.tgz"
    "version" "4.0.4"
    dependencies:
      "braces" "^3.0.1"
      "picomatch" "^2.2.3"
  
  "minimatch@^3.0.4":
    "integrity" "sha512-yJHVQEhyqPLUTgt9B83PXu6W3rx4MvvHvSUvToogpwoGDOUQ+yDrR0HRot+yOCdCO7u4hX3pWft6kWBBcqh0UA=="
    "resolved" "https://registry.npmjs.org/minimatch/-/minimatch-3.0.4.tgz"
    "version" "3.0.4"
    dependencies:
      "brace-expansion" "^1.1.7"
  
  "ms@2.1.2":
    "integrity" "sha512-sGkPx+VjMtmA6MX27oA4FBFELFCZZ4S4XqeGOXCv68tT+jb3vk/RyaKWP0PTKyWtmLSM0b+adUTEvbs1PEaH2w=="
    "resolved" "https://registry.npmjs.org/ms/-/ms-2.1.2.tgz"
    "version" "2.1.2"
  
  "naive-ui@^2.21.1":
    "integrity" "sha512-lBVJ4OWEGVc+qBITAdIQHg2rcl4jqihdC1R/HtWAWBQJN68rclE/W44EWOw/EiFdje2nPigjyTPOU6srzxWP3g=="
    "resolved" "https://registry.npmjs.org/naive-ui/-/naive-ui-2.21.1.tgz"
    "version" "2.21.1"
    dependencies:
      "@babel/eslint-parser" "^7.15.8"
      "@css-render/plugin-bem" "^0.15.6"
      "@css-render/vue3-ssr" "^0.15.6"
      "@types/lodash" "^4.14.170"
      "@types/lodash-es" "^4.17.4"
      "async-validator" "^4.0.1"
      "css-render" "^0.15.6"
      "date-fns" "^2.19.0"
      "date-fns-tz" "^1.1.6"
      "evtd" "^0.2.3"
      "highlight.js" "^11.0.1"
      "lodash" "^4.17.21"
      "lodash-es" "^4.17.21"
      "seemly" "^0.3.3"
      "treemate" "^0.3.8"
      "vdirs" "^0.1.4"
      "vfonts" "^0.1.0"
      "vooks" "^0.2.10"
      "vueuc" "^0.4.15"
  
  "nanoid@^3.1.30":
    "integrity" "sha512-zJpuPDwOv8D2zq2WRoMe1HsfZthVewpel9CAvTfc/2mBD1uUT/agc5f7GHGWXlYkFvi1mVxe4IjvP2HNrop7nQ=="
    "resolved" "https://registry.npmjs.org/nanoid/-/nanoid-3.1.30.tgz"
    "version" "3.1.30"
  
  "natural-compare@^1.4.0":
    "integrity" "sha1-Sr6/7tdUHywnrPspvbvRXI1bpPc="
    "resolved" "https://registry.npmjs.org/natural-compare/-/natural-compare-1.4.0.tgz"
    "version" "1.4.0"
  
  "normalize-path@^3.0.0", "normalize-path@~3.0.0":
    "integrity" "sha512-6eZs5Ls3WtCisHWp9S2GUy8dqkpGi4BVSz3GaqiE6ezub0512ESztXUwUB6C6IKbQkY2Pnb/mD4WYojCRwcwLA=="
    "resolved" "https://registry.npmjs.org/normalize-path/-/normalize-path-3.0.0.tgz"
    "version" "3.0.0"
  
  "object-assign@^4.1.1":
    "integrity" "sha1-IQmtx5ZYh8/AXLvUQsrIv7s2CGM="
    "resolved" "https://registry.npmjs.org/object-assign/-/object-assign-4.1.1.tgz"
    "version" "4.1.1"
  
  "once@^1.3.0":
    "integrity" "sha1-WDsap3WWHUsROsF9nFC6753Xa9E="
    "resolved" "https://registry.npmjs.org/once/-/once-1.4.0.tgz"
    "version" "1.4.0"
    dependencies:
      "wrappy" "1"
  
  "optionator@^0.9.1":
    "integrity" "sha512-74RlY5FCnhq4jRxVUPKDaRwrVNXMqsGsiW6AJw4XK8hmtm10wC0ypZBLw5IIp85NZMr91+qd1RvvENwg7jjRFw=="
    "resolved" "https://registry.npmjs.org/optionator/-/optionator-0.9.1.tgz"
    "version" "0.9.1"
    dependencies:
      "deep-is" "^0.1.3"
      "fast-levenshtein" "^2.0.6"
      "levn" "^0.4.1"
      "prelude-ls" "^1.2.1"
      "type-check" "^0.4.0"
      "word-wrap" "^1.2.3"
  
  "parent-module@^1.0.0":
    "integrity" "sha512-GQ2EWRpQV8/o+Aw8YqtfZZPfNRWZYkbidE9k5rpl/hC3vtHHBfGm2Ifi6qWV+coDGkrUKZAxE3Lot5kcsRlh+g=="
    "resolved" "https://registry.npmjs.org/parent-module/-/parent-module-1.0.1.tgz"
    "version" "1.0.1"
    dependencies:
      "callsites" "^3.0.0"
  
  "path-is-absolute@^1.0.0":
    "integrity" "sha1-F0uSaHNVNP+8es5r9TpanhtcX18="
    "resolved" "https://registry.npmjs.org/path-is-absolute/-/path-is-absolute-1.0.1.tgz"
    "version" "1.0.1"
  
  "path-key@^3.1.0":
    "integrity" "sha512-ojmeN0qd+y0jszEtoY48r0Peq5dwMEkIlCOu6Q5f41lfkswXuKtYrhgoTpLnyIcHm24Uhqx+5Tqm2InSwLhE6Q=="
    "resolved" "https://registry.npmjs.org/path-key/-/path-key-3.1.1.tgz"
    "version" "3.1.1"
  
  "path-parse@^1.0.6":
    "integrity" "sha512-LDJzPVEEEPR+y48z93A0Ed0yXb8pAByGWo/k5YYdYgpY2/2EsOsksJrq7lOHxryrVOn1ejG6oAp8ahvOIQD8sw=="
    "resolved" "https://registry.npmjs.org/path-parse/-/path-parse-1.0.7.tgz"
    "version" "1.0.7"
  
  "path-type@^4.0.0":
    "integrity" "sha512-gDKb8aZMDeD/tZWs9P6+q0J9Mwkdl6xMV8TjnGP3qJVJ06bdMgkbBlLU8IdfOsIsFz2BW1rNVT3XuNEl8zPAvw=="
    "resolved" "https://registry.npmjs.org/path-type/-/path-type-4.0.0.tgz"
    "version" "4.0.0"
  
  "picocolors@^1.0.0":
    "integrity" "sha512-1fygroTLlHu66zi26VoTDv8yRgm0Fccecssto+MhsZ0D/DGW2sm8E8AjW7NU5VVTRt5GxbeZ5qBuJr+HyLYkjQ=="
    "resolved" "https://registry.npmjs.org/picocolors/-/picocolors-1.0.0.tgz"
    "version" "1.0.0"
  
  "picomatch@^2.0.4", "picomatch@^2.2.1", "picomatch@^2.2.3":
    "integrity" "sha512-lY1Q/PiJGC2zOv/z391WOTD+Z02bCgsFfvxoXXf6h7kv9o+WmsmzYqrAwY63sNgOxE4xEdq0WyUnXfKeBrSvYw=="
    "resolved" "https://registry.npmjs.org/picomatch/-/picomatch-2.3.0.tgz"
    "version" "2.3.0"
  
  "postcss@^8.1.10", "postcss@^8.3.8":
    "integrity" "sha512-hCmlUAIlUiav8Xdqw3Io4LcpA1DOt7h3LSTAC4G6JGHFFaWzI6qvFt9oilvl8BmkbBRX1IhM90ZAmpk68zccQA=="
    "resolved" "https://registry.npmjs.org/postcss/-/postcss-8.3.11.tgz"
    "version" "8.3.11"
    dependencies:
      "nanoid" "^3.1.30"
      "picocolors" "^1.0.0"
      "source-map-js" "^0.6.2"
  
  "prelude-ls@^1.2.1":
    "integrity" "sha512-vkcDPrRZo1QZLbn5RLGPpg/WmIQ65qoWWhcGKf/b5eplkkarX0m9z8ppCat4mlOqUsWpyNuYgO3VRyrYHSzX5g=="
    "resolved" "https://registry.npmjs.org/prelude-ls/-/prelude-ls-1.2.1.tgz"
    "version" "1.2.1"
  
  "pretty-format@^27.0.0", "pretty-format@^27.3.1":
    "integrity" "sha512-DR/c+pvFc52nLimLROYjnXPtolawm+uWDxr4FjuLDLUn+ktWnSN851KoHwHzzqq6rfCOjkzN8FLgDrSub6UDuA=="
    "resolved" "https://registry.npmjs.org/pretty-format/-/pretty-format-27.3.1.tgz"
    "version" "27.3.1"
    dependencies:
      "@jest/types" "^27.2.5"
      "ansi-regex" "^5.0.1"
      "ansi-styles" "^5.0.0"
      "react-is" "^17.0.1"
  
  "progress@^2.0.0":
    "integrity" "sha512-7PiHtLll5LdnKIMw100I+8xJXR5gW2QwWYkT6iJva0bXitZKa/XMrSbdmg3r2Xnaidz9Qumd0VPaMrZlF9V9sA=="
    "resolved" "https://registry.npmjs.org/progress/-/progress-2.0.3.tgz"
    "version" "2.0.3"
  
  "promise@^7.0.1":
    "integrity" "sha512-nolQXZ/4L+bP/UGlkfaIujX9BKxGwmQ9OT4mOt5yvy8iK1h3wqTEJCijzGANTCCl9nWjY41juyAn2K3Q1hLLTg=="
    "resolved" "https://registry.npmjs.org/promise/-/promise-7.3.1.tgz"
    "version" "7.3.1"
    dependencies:
      "asap" "~2.0.3"
  
  "pug-attrs@^3.0.0":
    "integrity" "sha512-azINV9dUtzPMFQktvTXciNAfAuVh/L/JCl0vtPCwvOA21uZrC08K/UnmrL+SXGEVc1FwzjW62+xw5S/uaLj6cA=="
    "resolved" "https://registry.npmjs.org/pug-attrs/-/pug-attrs-3.0.0.tgz"
    "version" "3.0.0"
    dependencies:
      "constantinople" "^4.0.1"
      "js-stringify" "^1.0.2"
      "pug-runtime" "^3.0.0"
  
  "pug-code-gen@^3.0.2":
    "integrity" "sha512-nJMhW16MbiGRiyR4miDTQMRWDgKplnHyeLvioEJYbk1RsPI3FuA3saEP8uwnTb2nTJEKBU90NFVWJBk4OU5qyg=="
    "resolved" "https://registry.npmjs.org/pug-code-gen/-/pug-code-gen-3.0.2.tgz"
    "version" "3.0.2"
    dependencies:
      "constantinople" "^4.0.1"
      "doctypes" "^1.1.0"
      "js-stringify" "^1.0.2"
      "pug-attrs" "^3.0.0"
      "pug-error" "^2.0.0"
      "pug-runtime" "^3.0.0"
      "void-elements" "^3.1.0"
      "with" "^7.0.0"
  
  "pug-error@^2.0.0":
    "integrity" "sha512-sjiUsi9M4RAGHktC1drQfCr5C5eriu24Lfbt4s+7SykztEOwVZtbFk1RRq0tzLxcMxMYTBR+zMQaG07J/btayQ=="
    "resolved" "https://registry.npmjs.org/pug-error/-/pug-error-2.0.0.tgz"
    "version" "2.0.0"
  
  "pug-filters@^4.0.0":
    "integrity" "sha512-yeNFtq5Yxmfz0f9z2rMXGw/8/4i1cCFecw/Q7+D0V2DdtII5UvqE12VaZ2AY7ri6o5RNXiweGH79OCq+2RQU4A=="
    "resolved" "https://registry.npmjs.org/pug-filters/-/pug-filters-4.0.0.tgz"
    "version" "4.0.0"
    dependencies:
      "constantinople" "^4.0.1"
      "jstransformer" "1.0.0"
      "pug-error" "^2.0.0"
      "pug-walk" "^2.0.0"
      "resolve" "^1.15.1"
  
  "pug-lexer@^5.0.1":
    "integrity" "sha512-0I6C62+keXlZPZkOJeVam9aBLVP2EnbeDw3An+k0/QlqdwH6rv8284nko14Na7c0TtqtogfWXcRoFE4O4Ff20w=="
    "resolved" "https://registry.npmjs.org/pug-lexer/-/pug-lexer-5.0.1.tgz"
    "version" "5.0.1"
    dependencies:
      "character-parser" "^2.2.0"
      "is-expression" "^4.0.0"
      "pug-error" "^2.0.0"
  
  "pug-linker@^4.0.0":
    "integrity" "sha512-gjD1yzp0yxbQqnzBAdlhbgoJL5qIFJw78juN1NpTLt/mfPJ5VgC4BvkoD3G23qKzJtIIXBbcCt6FioLSFLOHdw=="
    "resolved" "https://registry.npmjs.org/pug-linker/-/pug-linker-4.0.0.tgz"
    "version" "4.0.0"
    dependencies:
      "pug-error" "^2.0.0"
      "pug-walk" "^2.0.0"
  
  "pug-load@^3.0.0":
    "integrity" "sha512-OCjTEnhLWZBvS4zni/WUMjH2YSUosnsmjGBB1An7CsKQarYSWQ0GCVyd4eQPMFJqZ8w9xgs01QdiZXKVjk92EQ=="
    "resolved" "https://registry.npmjs.org/pug-load/-/pug-load-3.0.0.tgz"
    "version" "3.0.0"
    dependencies:
      "object-assign" "^4.1.1"
      "pug-walk" "^2.0.0"
  
  "pug-parser@^6.0.0":
    "integrity" "sha512-ukiYM/9cH6Cml+AOl5kETtM9NR3WulyVP2y4HOU45DyMim1IeP/OOiyEWRr6qk5I5klpsBnbuHpwKmTx6WURnw=="
    "resolved" "https://registry.npmjs.org/pug-parser/-/pug-parser-6.0.0.tgz"
    "version" "6.0.0"
    dependencies:
      "pug-error" "^2.0.0"
      "token-stream" "1.0.0"
  
  "pug-runtime@^3.0.0", "pug-runtime@^3.0.1":
    "integrity" "sha512-L50zbvrQ35TkpHwv0G6aLSuueDRwc/97XdY8kL3tOT0FmhgG7UypU3VztfV/LATAvmUfYi4wNxSajhSAeNN+Kg=="
    "resolved" "https://registry.npmjs.org/pug-runtime/-/pug-runtime-3.0.1.tgz"
    "version" "3.0.1"
  
  "pug-strip-comments@^2.0.0":
    "integrity" "sha512-zo8DsDpH7eTkPHCXFeAk1xZXJbyoTfdPlNR0bK7rpOMuhBYb0f5qUVCO1xlsitYd3w5FQTK7zpNVKb3rZoUrrQ=="
    "resolved" "https://registry.npmjs.org/pug-strip-comments/-/pug-strip-comments-2.0.0.tgz"
    "version" "2.0.0"
    dependencies:
      "pug-error" "^2.0.0"
  
  "pug-walk@^2.0.0":
    "integrity" "sha512-yYELe9Q5q9IQhuvqsZNwA5hfPkMJ8u92bQLIMcsMxf/VADjNtEYptU+inlufAFYcWdHlwNfZOEnOOQrZrcyJCQ=="
    "resolved" "https://registry.npmjs.org/pug-walk/-/pug-walk-2.0.0.tgz"
    "version" "2.0.0"
  
  "pug@^3.0.2":
    "integrity" "sha512-bp0I/hiK1D1vChHh6EfDxtndHji55XP/ZJKwsRqrz6lRia6ZC2OZbdAymlxdVFwd1L70ebrVJw4/eZ79skrIaw=="
    "resolved" "https://registry.npmjs.org/pug/-/pug-3.0.2.tgz"
    "version" "3.0.2"
    dependencies:
      "pug-code-gen" "^3.0.2"
      "pug-filters" "^4.0.0"
      "pug-lexer" "^5.0.1"
      "pug-linker" "^4.0.0"
      "pug-load" "^3.0.0"
      "pug-parser" "^6.0.0"
      "pug-runtime" "^3.0.1"
      "pug-strip-comments" "^2.0.0"
  
  "punycode@^2.1.0":
    "integrity" "sha512-XRsRjdf+j5ml+y/6GKHPZbrF/8p2Yga0JPtdqTIY2Xe5ohJPD9saDJJLPvp9+NSBprVvevdXZybnj2cv8OEd0A=="
    "resolved" "https://registry.npmjs.org/punycode/-/punycode-2.1.1.tgz"
    "version" "2.1.1"
  
  "queue-microtask@^1.2.2":
    "integrity" "sha512-NuaNSa6flKT5JaSYQzJok04JzTL1CA6aGhv5rfLW3PgqA+M2ChpZQnAC8h8i4ZFkBS8X5RqkDBHA7r4hej3K9A=="
    "resolved" "https://registry.npmjs.org/queue-microtask/-/queue-microtask-1.2.3.tgz"
    "version" "1.2.3"
  
  "react-is@^17.0.1":
    "integrity" "sha512-w2GsyukL62IJnlaff/nRegPQR94C/XXamvMWmSHRJ4y7Ts/4ocGRmTHvOs8PSE6pB3dWOrD/nueuU5sduBsQ4w=="
    "resolved" "https://registry.npmjs.org/react-is/-/react-is-17.0.2.tgz"
    "version" "17.0.2"
  
  "readdirp@~3.6.0":
    "integrity" "sha512-hOS089on8RduqdbhvQ5Z37A0ESjsqz6qnRcffsMU3495FuTdqSm+7bhJ29JvIOsBDEEnan5DPu9t3To9VRlMzA=="
    "resolved" "https://registry.npmjs.org/readdirp/-/readdirp-3.6.0.tgz"
    "version" "3.6.0"
    dependencies:
      "picomatch" "^2.2.1"
  
  "regexpp@^3.2.0":
    "integrity" "sha512-pq2bWo9mVD43nbts2wGv17XLiNLya+GklZ8kaDLV2Z08gDCsGpnKn9BFMepvWuHCbyVvY7J5o5+BVvoQbmlJLg=="
    "resolved" "https://registry.npmjs.org/regexpp/-/regexpp-3.2.0.tgz"
    "version" "3.2.0"
  
  "request-light@^0.5.4":
    "integrity" "sha512-AvjfJuhyT6dYfhtIBF+IpTPQco+Td1QJ6PsIJ5xui110vQ5p9HxHk+m1XJqXazLQT6CxxSx9eNv6R/+fu4bZig=="
    "resolved" "https://registry.npmjs.org/request-light/-/request-light-0.5.5.tgz"
    "version" "0.5.5"
  
  "resize-observer-polyfill@^1.5.1":
    "integrity" "sha512-LwZrotdHOo12nQuZlHEmtuXdqGoOD0OhaxopaNFxWzInpEgaLWoVuAMbTzixuosCx2nEG58ngzW3vxdWoxIgdg=="
    "resolved" "https://registry.npmjs.org/resize-observer-polyfill/-/resize-observer-polyfill-1.5.1.tgz"
    "version" "1.5.1"
  
  "resolve-from@^4.0.0":
    "integrity" "sha512-pb/MYmXstAkysRFx8piNI1tGFNQIFA3vkE3Gq4EuA1dF6gHp/+vgZqsCGJapvy8N3Q+4o7FwvquPJcnZ7RYy4g=="
    "resolved" "https://registry.npmjs.org/resolve-from/-/resolve-from-4.0.0.tgz"
    "version" "4.0.0"
  
  "resolve@^1.15.1", "resolve@^1.20.0":
    "integrity" "sha512-wENBPt4ySzg4ybFQW2TT1zMQucPK95HSh/nq2CFTZVOGut2+pQvSsgtda4d26YrYcr067wjbmzOG8byDPBX63A=="
    "resolved" "https://registry.npmjs.org/resolve/-/resolve-1.20.0.tgz"
    "version" "1.20.0"
    dependencies:
      "is-core-module" "^2.2.0"
      "path-parse" "^1.0.6"
  
  "reusify@^1.0.4":
    "integrity" "sha512-U9nH88a3fc/ekCF1l0/UP1IosiuIjyTh7hBvXVMHYgVcfGvt897Xguj2UOLDeI5BG2m7/uwyaLVT6fbtCwTyzw=="
    "resolved" "https://registry.npmjs.org/reusify/-/reusify-1.0.4.tgz"
    "version" "1.0.4"
  
  "rimraf@^3.0.2":
    "integrity" "sha512-JZkJMZkAGFFPP2YqXZXPbMlMBgsxzE8ILs4lMIX/2o0L9UBw9O/Y3o6wFw/i9YLapcUJWwqbi3kdxIPdC62TIA=="
    "resolved" "https://registry.npmjs.org/rimraf/-/rimraf-3.0.2.tgz"
    "version" "3.0.2"
    dependencies:
      "glob" "^7.1.3"
  
  "rollup@^2.57.0":
    "integrity" "sha512-akwfnpjY0rXEDSn1UTVfKXJhPsEBu+imi1gqBA1ZkHGydUnkV/fWCC90P7rDaLEW8KTwBcS1G3N4893Ndz+jwg=="
    "resolved" "https://registry.npmjs.org/rollup/-/rollup-2.60.1.tgz"
    "version" "2.60.1"
    optionalDependencies:
      "fsevents" "~2.3.2"
  
  "run-parallel@^1.1.9":
    "integrity" "sha512-5l4VyZR86LZ/lDxZTR6jqL8AFE2S0IFLMP26AbjsLVADxHdhB/c0GUsH+y39UfCi3dzz8OlQuPmnaJOMoDHQBA=="
    "resolved" "https://registry.npmjs.org/run-parallel/-/run-parallel-1.2.0.tgz"
    "version" "1.2.0"
    dependencies:
      "queue-microtask" "^1.2.2"
  
  "sass@*", "sass@^1.43.4":
    "integrity" "sha512-/ptG7KE9lxpGSYiXn7Ar+lKOv37xfWsZRtFYal2QHNigyVQDx685VFT/h7ejVr+R8w7H4tmUgtulsKl5YpveOg=="
    "resolved" "https://registry.npmjs.org/sass/-/sass-1.43.4.tgz"
    "version" "1.43.4"
    dependencies:
      "chokidar" ">=3.0.0 <4.0.0"
  
  "seemly@^0.3.1", "seemly@^0.3.3":
    "integrity" "sha512-mAyqemz41e9HiZPMXAn7NtTExJgztwco5cdZjrt/iViU/oFeav+Q8K1c93M/tIZZ00QkT65JMr4xXQk7Vv5hWQ=="
    "resolved" "https://registry.npmjs.org/seemly/-/seemly-0.3.3.tgz"
    "version" "0.3.3"
    dependencies:
      "@types/jest" "^27.0.1"
  
  "semver@^6.3.0":
    "integrity" "sha512-b39TBaTSfV6yBrapU89p5fKekE2m/NwnDocOVruQFS1/veMgdzuPcnOM34M6CwxW8jH/lxEa5rBoDeUwu5HHTw=="
    "resolved" "https://registry.npmjs.org/semver/-/semver-6.3.0.tgz"
    "version" "6.3.0"
  
  "semver@^7.2.1", "semver@^7.3.5":
    "integrity" "sha512-PoeGJYh8HK4BTO/a9Tf6ZG3veo/A7ZVsYrSA6J8ny9nb3B1VrpkuN+z9OE5wfE5p6H4LchYZsegiQgbJD94ZFQ=="
    "resolved" "https://registry.npmjs.org/semver/-/semver-7.3.5.tgz"
    "version" "7.3.5"
    dependencies:
      "lru-cache" "^6.0.0"
  
  "shebang-command@^2.0.0":
    "integrity" "sha512-kHxr2zZpYtdmrN1qDjrrX/Z1rR1kG8Dx+gkpK1G4eXmvXswmcE1hTWBWYUzlraYw1/yZp6YuDY77YtvbN0dmDA=="
    "resolved" "https://registry.npmjs.org/shebang-command/-/shebang-command-2.0.0.tgz"
    "version" "2.0.0"
    dependencies:
      "shebang-regex" "^3.0.0"
  
  "shebang-regex@^3.0.0":
    "integrity" "sha512-7++dFhtcx3353uBaq8DDR4NuxBetBzC7ZQOhmTQInHEd6bSrXdiEyzCvG07Z44UYdLShWUyXt5M/yhz8ekcb1A=="
    "resolved" "https://registry.npmjs.org/shebang-regex/-/shebang-regex-3.0.0.tgz"
    "version" "3.0.0"
  
  "slash@^3.0.0":
    "integrity" "sha512-g9Q1haeby36OSStwb4ntCGGGaKsaVSjQ68fBxoQcutl5fS1vuY18H3wSt3jFyFtrkx+Kz0V1G85A4MyAdDMi2Q=="
    "resolved" "https://registry.npmjs.org/slash/-/slash-3.0.0.tgz"
    "version" "3.0.0"
  
  "source-map-js@^0.6.2":
    "integrity" "sha512-/3GptzWzu0+0MBQFrDKzw/DvvMTUORvgY6k6jd/VS6iCR4RDTKWH6v6WPwQoUO8667uQEf9Oe38DxAYWY5F/Ug=="
    "resolved" "https://registry.npmjs.org/source-map-js/-/source-map-js-0.6.2.tgz"
    "version" "0.6.2"
  
  "source-map@^0.6.1":
    "integrity" "sha512-UjgapumWlbMhkBgzT7Ykc5YXUT46F0iKu8SGXq0bcwP5dz/h0Plj6enJqjz1Zbq2l5WaqYnrVbwWOWMyF3F47g=="
    "resolved" "https://registry.npmjs.org/source-map/-/source-map-0.6.1.tgz"
    "version" "0.6.1"
  
  "sourcemap-codec@^1.4.4":
    "integrity" "sha512-9NykojV5Uih4lgo5So5dtw+f0JgJX30KCNI8gwhz2J9A15wD0Ml6tjHKwf6fTSa6fAdVBdZeNOs9eJ71qCk8vA=="
    "resolved" "https://registry.npmjs.org/sourcemap-codec/-/sourcemap-codec-1.4.8.tgz"
    "version" "1.4.8"
  
  "strip-ansi@^6.0.1":
    "integrity" "sha512-Y38VPSHcqkFrCpFnQ9vuSXmquuv5oXOKpGeT6aGrr3o3Gc9AlVa6JBfUSOCnbxGGZF+/0ooI7KrPuUSztUdU5A=="
    "resolved" "https://registry.npmjs.org/strip-ansi/-/strip-ansi-6.0.1.tgz"
    "version" "6.0.1"
    dependencies:
      "ansi-regex" "^5.0.1"
  
  "strip-json-comments@^3.1.0", "strip-json-comments@^3.1.1":
    "integrity" "sha512-6fPc+R4ihwqP6N/aIv2f1gMH8lOVtWQHoqC4yK6oSDVVocumAsfCqjkXnqiYMhmMwS/mEHLp7Vehlt3ql6lEig=="
    "resolved" "https://registry.npmjs.org/strip-json-comments/-/strip-json-comments-3.1.1.tgz"
    "version" "3.1.1"
  
  "supports-color@^7.1.0":
    "integrity" "sha512-qpCAvRl9stuOHveKsn7HncJRvv501qIacKzQlO/+Lwxc9+0q2wLyv4Dfvt80/DPn2pqOBsJdDiogXGR9+OvwRw=="
    "resolved" "https://registry.npmjs.org/supports-color/-/supports-color-7.2.0.tgz"
    "version" "7.2.0"
    dependencies:
      "has-flag" "^4.0.0"
  
  "text-table@^0.2.0":
    "integrity" "sha1-f17oI66AUgfACvLfSoTsP8+lcLQ="
    "resolved" "https://registry.npmjs.org/text-table/-/text-table-0.2.0.tgz"
    "version" "0.2.0"
  
  "to-fast-properties@^2.0.0":
    "integrity" "sha1-3F5pjL0HkmW8c+A3doGk5Og/YW4="
    "resolved" "https://registry.npmjs.org/to-fast-properties/-/to-fast-properties-2.0.0.tgz"
    "version" "2.0.0"
  
  "to-regex-range@^5.0.1":
    "integrity" "sha512-65P7iz6X5yEr1cwcgvQxbbIw7Uk3gOy5dIdtZ4rDveLqhrdJP+Li/Hx6tyK0NEb+2GCyneCMJiGqrADCSNk8sQ=="
    "resolved" "https://registry.npmjs.org/to-regex-range/-/to-regex-range-5.0.1.tgz"
    "version" "5.0.1"
    dependencies:
      "is-number" "^7.0.0"
  
  "token-stream@1.0.0":
    "integrity" "sha1-zCAOqyYT9BZtJ/+a/HylbUnfbrQ="
    "resolved" "https://registry.npmjs.org/token-stream/-/token-stream-1.0.0.tgz"
    "version" "1.0.0"
  
  "treemate@^0.3.8":
    "integrity" "sha512-wv9lBoPaeWsOgBSX09cpDi1HcO/A3aNfY+Qhvu8JnOSvVfSTmcXMKGrg9g8oTgWA8YLVqq+wt8p+eQvAhqKqlQ=="
    "resolved" "https://registry.npmjs.org/treemate/-/treemate-0.3.8.tgz"
    "version" "0.3.8"
  
  "tslib@^1.8.1":
    "integrity" "sha512-Xni35NKzjgMrwevysHTCArtLDpPvye8zV/0E4EyYn43P7/7qvQwPh9BGkHewbMulVntbigmcT7rdX3BNo9wRJg=="
    "resolved" "https://registry.npmjs.org/tslib/-/tslib-1.14.1.tgz"
    "version" "1.14.1"
  
  "tslib@^2.1.0":
    "integrity" "sha512-77EbyPPpMz+FRFRuAFlWMtmgUWGe9UOG2Z25NqCwiIjRhOf5iKGuzSe5P2w1laq+FkRy4p+PCuVkJSGkzTEKVw=="
    "resolved" "https://registry.npmjs.org/tslib/-/tslib-2.3.1.tgz"
    "version" "2.3.1"
  
  "tsutils@^3.21.0":
    "integrity" "sha512-mHKK3iUXL+3UF6xL5k0PEhKRUBKPBCv/+RkEOpjRWxxx27KKRBmmA60A9pgOUvMi8GKhRMPEmjBRPzs2W7O1OA=="
    "resolved" "https://registry.npmjs.org/tsutils/-/tsutils-3.21.0.tgz"
    "version" "3.21.0"
    dependencies:
      "tslib" "^1.8.1"
  
  "type-check@^0.4.0", "type-check@~0.4.0":
    "integrity" "sha512-XleUoc9uwGXqjWwXaUTZAmzMcFZ5858QA2vvx1Ur5xIcixXIP+8LnFDgRplU30us6teqdlskFfu+ae4K79Ooew=="
    "resolved" "https://registry.npmjs.org/type-check/-/type-check-0.4.0.tgz"
    "version" "0.4.0"
    dependencies:
      "prelude-ls" "^1.2.1"
  
  "type-fest@^0.20.2":
    "integrity" "sha512-Ne+eE4r0/iWnpAxD852z3A+N0Bt5RN//NjJwRd2VFHEmrywxf5vsZlh4R6lixl6B+wz/8d+maTSAkN1FIkI3LQ=="
    "resolved" "https://registry.npmjs.org/type-fest/-/type-fest-0.20.2.tgz"
    "version" "0.20.2"
  
  "typescript@*", "typescript@^4.4.3", "typescript@>=2.8.0 || >= 3.2.0-dev || >= 3.3.0-dev || >= 3.4.0-dev || >= 3.5.0-dev || >= 3.6.0-dev || >= 3.6.0-beta || >= 3.7.0-dev || >= 3.7.0-beta":
    "integrity" "sha512-5BlMof9H1yGt0P8/WF+wPNw6GfctgGjXp5hkblpyT+8rkASSmkUKMXrxR0Xg8ThVCi/JnHQiKXeBaEwCeQwMFw=="
    "resolved" "https://registry.npmjs.org/typescript/-/typescript-4.5.2.tgz"
    "version" "4.5.2"
  
  "upath@^2.0.1":
    "integrity" "sha512-1uEe95xksV1O0CYKXo8vQvN1JEbtJp7lb7C5U9HMsIp6IVwntkH/oNUzyVNQSd4S1sYk2FpSSW44FqMc8qee5w=="
    "resolved" "https://registry.npmjs.org/upath/-/upath-2.0.1.tgz"
    "version" "2.0.1"
  
  "uri-js@^4.2.2":
    "integrity" "sha512-7rKUyy33Q1yc98pQ1DAmLtwX109F7TIfWlW1Ydo8Wl1ii1SeHieeh0HHfPeL2fMXK6z0s8ecKs9frCuLJvndBg=="
    "resolved" "https://registry.npmjs.org/uri-js/-/uri-js-4.4.1.tgz"
    "version" "4.4.1"
    dependencies:
      "punycode" "^2.1.0"
  
  "v8-compile-cache@^2.0.3":
    "integrity" "sha512-l8lCEmLcLYZh4nbunNZvQCJc5pv7+RCwa8q/LdUx8u7lsWvPDKmpodJAJNwkAhJC//dFY48KuIEmjtd4RViDrA=="
    "resolved" "https://registry.npmjs.org/v8-compile-cache/-/v8-compile-cache-2.3.0.tgz"
    "version" "2.3.0"
  
  "vdirs@^0.1.4":
    "integrity" "sha512-g2wJgE8hj/ruqEnGFEXFVC8IR4kRaPDr7Cl+SSy+A8kmNr47rL1l+0wMi51amlrTL6eQsRk+wcl4bjjfPXNzZQ=="
    "resolved" "https://registry.npmjs.org/vdirs/-/vdirs-0.1.4.tgz"
    "version" "0.1.4"
    dependencies:
      "@types/node" "^14.14.10"
      "evtd" "^0.2.2"
  
  "vfonts@^0.1.0":
    "integrity" "sha512-vQBcvntBlnAPonAkGNM8iJ9NxE3PucA+V2W95xiN75YJKxirLJvOws2kEyOEO45T4N+YTbQOCR2m77Y05pfVhQ=="
    "resolved" "https://registry.npmjs.org/vfonts/-/vfonts-0.1.0.tgz"
    "version" "0.1.0"
  
  "villus@^1.0.1":
    "integrity" "sha512-mBjUO2UJjKBEZu1eQfa8BNLkGNPEN6cRtIBRFQNQA0i403NxFMT8kS4jdCGu6nRfk8sTQkhPhehMHRJjUptkSQ=="
    "resolved" "https://registry.npmjs.org/villus/-/villus-1.0.1.tgz"
    "version" "1.0.1"
  
  "vite@^2.5.10", "vite@^2.6.4":
    "integrity" "sha512-2HA9xGyi+EhY2MXo0+A2dRsqsAG3eFNEVIo12olkWhOmc8LfiM+eMdrXf+Ruje9gdXgvSqjLI9freec1RUM5EA=="
    "resolved" "https://registry.npmjs.org/vite/-/vite-2.6.14.tgz"
    "version" "2.6.14"
    dependencies:
      "esbuild" "^0.13.2"
      "postcss" "^8.3.8"
      "resolve" "^1.20.0"
      "rollup" "^2.57.0"
    optionalDependencies:
      "fsevents" "~2.3.2"
  
  "void-elements@^3.1.0":
    "integrity" "sha1-YU9/v42AHwu18GYfWy9XhXUOTwk="
    "resolved" "https://registry.npmjs.org/void-elements/-/void-elements-3.1.0.tgz"
    "version" "3.1.0"
  
  "vooks@^0.2.10", "vooks@^0.2.4":
    "integrity" "sha512-clZkEndDEUyUFP7u1dL0iijcW0p04Hhj50IVcakRrLjQkuZIr7sx6EX9oMyWgrYVjmfdX6vysnCg3OxsYl67jA=="
    "resolved" "https://registry.npmjs.org/vooks/-/vooks-0.2.10.tgz"
    "version" "0.2.10"
    dependencies:
      "evtd" "^0.2.2"
  
  "vscode-css-languageservice@^5.1.4":
    "integrity" "sha512-Si1sMykS8U/p8LYgLGPCfZD1YFT0AtvUJQp9XJGw64DZWhtwYo28G2l64USLS9ge4ZPMZpwdpOK7PfbVKfgiiA=="
    "resolved" "https://registry.npmjs.org/vscode-css-languageservice/-/vscode-css-languageservice-5.1.8.tgz"
    "version" "5.1.8"
    dependencies:
      "vscode-languageserver-textdocument" "^1.0.1"
      "vscode-languageserver-types" "^3.16.0"
      "vscode-nls" "^5.0.0"
      "vscode-uri" "^3.0.2"
  
  "vscode-html-languageservice@^4.0.7":
    "integrity" "sha512-rrDyCiOgMwOPgchpPGAeLzjYVVEW/Ror2/a1BWUEI3S9+NQhA9vj4SQkzmH6g2Bq9S9SV0OQeadD+xphOf1N3w=="
    "resolved" "https://registry.npmjs.org/vscode-html-languageservice/-/vscode-html-languageservice-4.1.1.tgz"
    "version" "4.1.1"
    dependencies:
      "vscode-languageserver-textdocument" "^1.0.1"
      "vscode-languageserver-types" "^3.16.0"
      "vscode-nls" "^5.0.0"
      "vscode-uri" "^3.0.2"
  
  "vscode-json-languageservice@^4.1.7":
    "integrity" "sha512-IHliMEEYSY0tJjJt0ECb8ESx/nRXpoy9kN42WVQXgaqGyizFAf3jibSiezDQTrrY7f3kywXggCU+kkJEM+OLZQ=="
    "resolved" "https://registry.npmjs.org/vscode-json-languageservice/-/vscode-json-languageservice-4.1.10.tgz"
    "version" "4.1.10"
    dependencies:
      "jsonc-parser" "^3.0.0"
      "vscode-languageserver-textdocument" "^1.0.1"
      "vscode-languageserver-types" "^3.16.0"
      "vscode-nls" "^5.0.0"
      "vscode-uri" "^3.0.2"
  
  "vscode-jsonrpc@^8.0.0-next.2", "vscode-jsonrpc@8.0.0-next.4":
    "integrity" "sha512-i+wvza5Wd0YV/t9qhnS8I+dJdhJ1fHIhRW4f262rXXM9Mgts5VZhYrRZufGcai4y99RlbZvwaZhplQ6diRXkaA=="
    "resolved" "https://registry.npmjs.org/vscode-jsonrpc/-/vscode-jsonrpc-8.0.0-next.4.tgz"
    "version" "8.0.0-next.4"
  
  "vscode-languageserver-protocol@3.17.0-next.10":
    "integrity" "sha512-D3Xp2oxumDKMMhrONsgC5Sn+8we9W8QI9V2dos18FzObr2amzOrW/ncLax14xja4n4cX/6LHFOHRDapxE0mShw=="
    "resolved" "https://registry.npmjs.org/vscode-languageserver-protocol/-/vscode-languageserver-protocol-3.17.0-next.10.tgz"
    "version" "3.17.0-next.10"
    dependencies:
      "vscode-jsonrpc" "8.0.0-next.4"
      "vscode-languageserver-types" "3.17.0-next.5"
  
  "vscode-languageserver-textdocument@^1.0.1":
    "integrity" "sha512-ynEGytvgTb6HVSUwPJIAZgiHQmPCx8bZ8w5um5Lz+q5DjP0Zj8wTFhQpyg8xaMvefDytw2+HH5yzqS+FhsR28A=="
    "resolved" "https://registry.npmjs.org/vscode-languageserver-textdocument/-/vscode-languageserver-textdocument-1.0.3.tgz"
    "version" "1.0.3"
  
  "vscode-languageserver-types@^3.15.1", "vscode-languageserver-types@^3.16.0":
    "integrity" "sha512-k8luDIWJWyenLc5ToFQQMaSrqCHiLwyKPHKPQZ5zz21vM+vIVUSvsRpcbiECH4WR88K2XZqc4ScRcZ7nk/jbeA=="
    "resolved" "https://registry.npmjs.org/vscode-languageserver-types/-/vscode-languageserver-types-3.16.0.tgz"
    "version" "3.16.0"
  
  "vscode-languageserver-types@3.17.0-next.5":
    "integrity" "sha512-Zcfaw8BznhlJWB09LDR0dscXyxn9+liREqJnPF4pigeUCHwKxYapYqizwuCpMHQ/oLYiAvKwU+f28hPleYu7pA=="
    "resolved" "https://registry.npmjs.org/vscode-languageserver-types/-/vscode-languageserver-types-3.17.0-next.5.tgz"
    "version" "3.17.0-next.5"
  
  "vscode-languageserver@^8.0.0-next.2":
    "integrity" "sha512-akO+BZ7eS7B1DIS5JHsTrI4eQDwrNTrXEvaRwgylQBMPR17YI/qkyJr3GZB68R2gjmoA/TdkP5Q4u4aeTGxJ2A=="
    "resolved" "https://registry.npmjs.org/vscode-languageserver/-/vscode-languageserver-8.0.0-next.4.tgz"
    "version" "8.0.0-next.4"
    dependencies:
      "vscode-languageserver-protocol" "3.17.0-next.10"
  
  "vscode-nls@^5.0.0":
    "integrity" "sha512-u0Lw+IYlgbEJFF6/qAqG2d1jQmJl0eyAGJHoAJqr2HT4M2BNuQYSEiSE75f52pXHSJm8AlTjnLLbBFPrdz2hpA=="
    "resolved" "https://registry.npmjs.org/vscode-nls/-/vscode-nls-5.0.0.tgz"
    "version" "5.0.0"
  
  "vscode-pug-languageservice@^0.27.24":
    "integrity" "sha512-GSvsFB+rPhAD7cBlEKCVNNsFGIaOnp/0zyLw3WpYbXY24vJZafXu1kHvtYaaQXJRnIhqp5EI5p+EqpdI3hTBnw=="
    "resolved" "https://registry.npmjs.org/vscode-pug-languageservice/-/vscode-pug-languageservice-0.27.24.tgz"
    "version" "0.27.24"
    dependencies:
      "@volar/code-gen" "^0.27.24"
      "@volar/shared" "^0.27.24"
      "@volar/source-map" "^0.27.24"
      "@volar/transforms" "^0.27.24"
      "pug-lexer" "^5.0.1"
      "pug-parser" "^6.0.0"
      "vscode-languageserver" "^8.0.0-next.2"
  
  "vscode-typescript-languageservice@^0.27.25":
    "integrity" "sha512-nxpJI9MnF2rn5rKL/032Qrsq3T9DgM3slK5fwZp3suNdo90JG2zFTs3Ola8n62k7+KWu4A775obxyb4wLIW6Gw=="
    "resolved" "https://registry.npmjs.org/vscode-typescript-languageservice/-/vscode-typescript-languageservice-0.27.25.tgz"
    "version" "0.27.25"
    dependencies:
      "@volar/shared" "^0.27.24"
      "semver" "^7.3.5"
      "upath" "^2.0.1"
      "vscode-languageserver" "^8.0.0-next.2"
      "vscode-languageserver-textdocument" "^1.0.1"
  
  "vscode-uri@^2.1.2":
    "integrity" "sha512-8TEXQxlldWAuIODdukIb+TR5s+9Ds40eSJrw+1iDDA9IFORPjMELarNQE3myz5XIkWWpdprmJjm1/SxMlWOC8A=="
    "resolved" "https://registry.npmjs.org/vscode-uri/-/vscode-uri-2.1.2.tgz"
    "version" "2.1.2"
  
  "vscode-uri@^3.0.2":
    "integrity" "sha512-jkjy6pjU1fxUvI51P+gCsxg1u2n8LSt0W6KrCNQceaziKzff74GoWmjVG46KieVzybO1sttPQmYfrwSHey7GUA=="
    "resolved" "https://registry.npmjs.org/vscode-uri/-/vscode-uri-3.0.2.tgz"
    "version" "3.0.2"
  
  "vscode-vue-languageservice@^0.27.0":
    "integrity" "sha512-nPnUNCMqqHfxcCPLyLWvmgbNCgos3SwvPcl/CzAnMbqcjLtNZppsdI7bKX3EEj0Jbg6SGLQ9NanIvZaMI1bsUA=="
    "resolved" "https://registry.npmjs.org/vscode-vue-languageservice/-/vscode-vue-languageservice-0.27.30.tgz"
    "version" "0.27.30"
    dependencies:
      "@volar/code-gen" "^0.27.24"
      "@volar/html2pug" "^0.27.13"
      "@volar/shared" "^0.27.24"
      "@volar/source-map" "^0.27.24"
      "@volar/transforms" "^0.27.24"
      "@vscode/emmet-helper" "^2.7.0"
      "@vue/compiler-dom" "^3.2.19"
      "@vue/reactivity" "^3.2.19"
      "@vue/shared" "^3.2.19"
      "request-light" "^0.5.4"
      "upath" "^2.0.1"
      "vscode-css-languageservice" "^5.1.4"
      "vscode-html-languageservice" "^4.0.7"
      "vscode-json-languageservice" "^4.1.7"
      "vscode-languageserver" "^8.0.0-next.2"
      "vscode-languageserver-textdocument" "^1.0.1"
      "vscode-pug-languageservice" "^0.27.24"
      "vscode-typescript-languageservice" "^0.27.25"
  
  "vue-eslint-parser@^8.0.1":
    "integrity" "sha512-lhWjDXJhe3UZw2uu3ztX51SJAPGPey1Tff2RK3TyZURwbuI4vximQLzz4nQfCv8CZq4xx7uIiogHMMoSJPr33A=="
    "resolved" "https://registry.npmjs.org/vue-eslint-parser/-/vue-eslint-parser-8.0.1.tgz"
    "version" "8.0.1"
    dependencies:
      "debug" "^4.3.2"
      "eslint-scope" "^6.0.0"
      "eslint-visitor-keys" "^3.0.0"
      "espree" "^9.0.0"
      "esquery" "^1.4.0"
      "lodash" "^4.17.21"
      "semver" "^7.3.5"
  
  "vue-router@^4.0.12":
    "integrity" "sha512-CPXvfqe+mZLB1kBWssssTiWg4EQERyqJZes7USiqfW9B5N2x+nHlnsM1D3b5CaJ6qgCvMmYJnz+G0iWjNCvXrg=="
    "resolved" "https://registry.npmjs.org/vue-router/-/vue-router-4.0.12.tgz"
    "version" "4.0.12"
    dependencies:
      "@vue/devtools-api" "^6.0.0-beta.18"
  
  "vue-tsc@^0.3.0":
    "integrity" "sha512-zaDRZBxwRIz1XjhNP92FqugG71st6BUMnA2EwPeXrAyzbEYVRz6TezNFceYl3QYqqN8CtaxbqUhaQEDj/ntoCA=="
    "resolved" "https://registry.npmjs.org/vue-tsc/-/vue-tsc-0.3.0.tgz"
    "version" "0.3.0"
    dependencies:
      "vscode-vue-languageservice" "^0.27.0"
  
  "vue@^3.0.0", "vue@^3.0.11", "vue@^3.2.16", "vue@3.2.22":
    "integrity" "sha512-KD5nZpXVZquOC6926Xnp3zOvswrUyO9Rya7ZUoxWFQEjFDW4iACtwzubRB4Um2Om9kj6CaJOqAVRDSFlqLpdgw=="
    "resolved" "https://registry.npmjs.org/vue/-/vue-3.2.22.tgz"
    "version" "3.2.22"
    dependencies:
      "@vue/compiler-dom" "3.2.22"
      "@vue/compiler-sfc" "3.2.22"
      "@vue/runtime-dom" "3.2.22"
      "@vue/server-renderer" "3.2.22"
      "@vue/shared" "3.2.22"
  
  "vueuc@^0.4.15":
    "integrity" "sha512-VTYDA2avdHRlkqJunsE4d9P3eBPgfW4tiA6sTt3iiVU69d+y25xMEbU8P+stQgptd34A9qMUwYSfvOXDbteW6w=="
    "resolved" "https://registry.npmjs.org/vueuc/-/vueuc-0.4.15.tgz"
    "version" "0.4.15"
    dependencies:
      "css-render" "^0.15.3"
      "evtd" "^0.2.2"
      "resize-observer-polyfill" "^1.5.1"
      "seemly" "^0.3.1"
      "vdirs" "^0.1.4"
      "vooks" "^0.2.4"
  
  "which@^2.0.1":
    "integrity" "sha512-BLI3Tl1TW3Pvl70l3yq3Y64i+awpwXqsGBYWkkqMtnbXgrMD+yj7rhW0kuEDxzJaYXGjEW5ogapKNMEKNMjibA=="
    "resolved" "https://registry.npmjs.org/which/-/which-2.0.2.tgz"
    "version" "2.0.2"
    dependencies:
      "isexe" "^2.0.0"
  
  "with@^7.0.0":
    "integrity" "sha512-RNGKj82nUPg3g5ygxkQl0R937xLyho1J24ItRCBTr/m1YnZkzJy1hUiHUJrc/VlsDQzsCnInEGSg3bci0Lmd4w=="
    "resolved" "https://registry.npmjs.org/with/-/with-7.0.2.tgz"
    "version" "7.0.2"
    dependencies:
      "@babel/parser" "^7.9.6"
      "@babel/types" "^7.9.6"
      "assert-never" "^1.2.1"
      "babel-walk" "3.0.0-canary-5"
  
  "word-wrap@^1.2.3":
    "integrity" "sha512-Hz/mrNwitNRh/HUAtM/VT/5VH+ygD6DV7mYKZAtHOrbs8U7lvPS6xf7EJKMF0uW1KJCl0H701g3ZGus+muE5vQ=="
    "resolved" "https://registry.npmjs.org/word-wrap/-/word-wrap-1.2.3.tgz"
    "version" "1.2.3"
  
  "wrappy@1":
    "integrity" "sha1-tSQ9jz7BqjXxNkYFvA0QNuMKtp8="
    "resolved" "https://registry.npmjs.org/wrappy/-/wrappy-1.0.2.tgz"
    "version" "1.0.2"
  
  "yallist@^4.0.0":
    "integrity" "sha512-3wdGidZyq5PB084XLES5TpOSRA3wjXAlIWMhum2kRcv/41Sn2emQ0dycQW4uZXLejwKvg6EsvbdlVL+FYEct7A=="
    "resolved" "https://registry.npmjs.org/yallist/-/yallist-4.0.0.tgz"
    "version" "4.0.0"
